2019-04-21 19:45:11.576 [restartedMain] INFO  org.jeecg.JeecgApplication:50 - Starting JeecgApplication on timsaid with PID 18424 (C:\WorkSpace\IdeaSpace\jeecg-boot\jeecg-boot\target\classes started by timsaid in C:\WorkSpace\IdeaSpace\jeecg-boot)
2019-04-21 19:45:11.586 [restartedMain] INFO  org.jeecg.JeecgApplication:659 - No active profile set, falling back to default profiles: default
2019-04-21 19:45:11.866 [restartedMain] INFO  o.s.b.w.s.c.AnnotationConfigServletWebServerApplicationContext:590 - Refreshing org.springframework.boot.web.servlet.context.AnnotationConfigServletWebServerApplicationContext@15883f39: startup date [Sun Apr 21 19:45:11 CST 2019]; root of context hierarchy
2019-04-21 19:45:15.928 [restartedMain] INFO  o.s.d.r.config.RepositoryConfigurationDelegate:163 - Multiple Spring Data modules found, entering strict repository configuration mode!
2019-04-21 19:45:16.741 [restartedMain] INFO  o.s.c.s.PostProcessorRegistrationDelegate$BeanPostProcessorChecker:328 - Bean 'shiroConfig' of type [org.jeecg.config.ShiroConfig$$EnhancerBySpringCGLIB$$59789d62] is not eligible for getting processed by all BeanPostProcessors (for example: not eligible for auto-proxying)
2019-04-21 19:45:16.958 [restartedMain] INFO  o.s.c.s.PostProcessorRegistrationDelegate$BeanPostProcessorChecker:328 - Bean 'org.springframework.boot.context.properties.ConversionServiceDeducer$Factory' of type [org.springframework.boot.context.properties.ConversionServiceDeducer$Factory] is not eligible for getting processed by all BeanPostProcessors (for example: not eligible for auto-proxying)
2019-04-21 19:45:16.976 [restartedMain] INFO  o.s.c.s.PostProcessorRegistrationDelegate$BeanPostProcessorChecker:328 - Bean 'mybatis-plus-com.baomidou.mybatisplus.autoconfigure.MybatisPlusProperties' of type [com.baomidou.mybatisplus.autoconfigure.MybatisPlusProperties] is not eligible for getting processed by all BeanPostProcessors (for example: not eligible for auto-proxying)
2019-04-21 19:45:17.013 [restartedMain] INFO  o.s.c.s.PostProcessorRegistrationDelegate$BeanPostProcessorChecker:328 - Bean 'mybatisInterceptor' of type [org.jeecg.config.mybatis.MybatisInterceptor] is not eligible for getting processed by all BeanPostProcessors (for example: not eligible for auto-proxying)
2019-04-21 19:45:17.032 [restartedMain] INFO  o.s.c.s.PostProcessorRegistrationDelegate$BeanPostProcessorChecker:328 - Bean 'mybatisPlusConfig' of type [org.jeecg.config.MybatisPlusConfig$$EnhancerBySpringCGLIB$$892b117e] is not eligible for getting processed by all BeanPostProcessors (for example: not eligible for auto-proxying)
2019-04-21 19:45:17.070 [restartedMain] INFO  o.s.c.s.PostProcessorRegistrationDelegate$BeanPostProcessorChecker:328 - Bean 'paginationInterceptor' of type [com.baomidou.mybatisplus.extension.plugins.PaginationInterceptor] is not eligible for getting processed by all BeanPostProcessors (for example: not eligible for auto-proxying)
2019-04-21 19:45:17.081 [restartedMain] INFO  o.s.c.s.PostProcessorRegistrationDelegate$BeanPostProcessorChecker:328 - Bean 'com.baomidou.mybatisplus.autoconfigure.MybatisPlusAutoConfiguration' of type [com.baomidou.mybatisplus.autoconfigure.MybatisPlusAutoConfiguration$$EnhancerBySpringCGLIB$$773ba066] is not eligible for getting processed by all BeanPostProcessors (for example: not eligible for auto-proxying)
2019-04-21 19:45:17.139 [restartedMain] INFO  o.s.c.s.PostProcessorRegistrationDelegate$BeanPostProcessorChecker:328 - Bean 'spring.datasource.dynamic-com.baomidou.dynamic.datasource.spring.boot.autoconfigure.DynamicDataSourceProperties' of type [com.baomidou.dynamic.datasource.spring.boot.autoconfigure.DynamicDataSourceProperties] is not eligible for getting processed by all BeanPostProcessors (for example: not eligible for auto-proxying)
2019-04-21 19:45:17.139 [restartedMain] INFO  o.s.c.s.PostProcessorRegistrationDelegate$BeanPostProcessorChecker:328 - Bean 'com.baomidou.dynamic.datasource.spring.boot.autoconfigure.DynamicDataSourceAutoConfiguration' of type [com.baomidou.dynamic.datasource.spring.boot.autoconfigure.DynamicDataSourceAutoConfiguration$$EnhancerBySpringCGLIB$$a301a49d] is not eligible for getting processed by all BeanPostProcessors (for example: not eligible for auto-proxying)
2019-04-21 19:45:17.181 [restartedMain] INFO  c.b.dynamic.datasource.DynamicDataSourceCreator:101 - 动态数据源-检测到druid存在,如配置中未指定type,druid会默认配置
2019-04-21 19:45:17.181 [restartedMain] INFO  o.s.c.s.PostProcessorRegistrationDelegate$BeanPostProcessorChecker:328 - Bean 'dynamicDataSourceCreator' of type [com.baomidou.dynamic.datasource.DynamicDataSourceCreator] is not eligible for getting processed by all BeanPostProcessors (for example: not eligible for auto-proxying)
2019-04-21 19:45:17.200 [restartedMain] INFO  o.s.c.s.PostProcessorRegistrationDelegate$BeanPostProcessorChecker:328 - Bean 'dynamicDataSourceProvider' of type [com.baomidou.dynamic.datasource.provider.YmlDynamicDataSourceProvider] is not eligible for getting processed by all BeanPostProcessors (for example: not eligible for auto-proxying)
2019-04-21 19:45:17.999 [restartedMain] INFO  com.alibaba.druid.pool.DruidDataSource:930 - {dataSource-1,master} inited
2019-04-21 19:45:17.999 [restartedMain] INFO  c.b.dynamic.datasource.DynamicRoutingDataSource:153 - 初始共加载 1 个数据源
2019-04-21 19:45:17.999 [restartedMain] INFO  c.b.dynamic.datasource.DynamicRoutingDataSource:127 - 动态数据源-加载 master 成功
2019-04-21 19:45:17.999 [restartedMain] INFO  c.b.dynamic.datasource.DynamicRoutingDataSource:162 - 当前的默认数据源是单数据源，数据源名为 master
2019-04-21 19:45:18.020 [restartedMain] INFO  o.s.c.s.PostProcessorRegistrationDelegate$BeanPostProcessorChecker:328 - Bean 'dataSource' of type [com.baomidou.dynamic.datasource.DynamicRoutingDataSource] is not eligible for getting processed by all BeanPostProcessors (for example: not eligible for auto-proxying)
2019-04-21 19:45:19.535 [restartedMain] INFO  o.s.c.s.PostProcessorRegistrationDelegate$BeanPostProcessorChecker:328 - Bean 'sqlSessionFactory' of type [org.apache.ibatis.session.defaults.DefaultSqlSessionFactory] is not eligible for getting processed by all BeanPostProcessors (for example: not eligible for auto-proxying)
2019-04-21 19:45:19.581 [restartedMain] INFO  o.s.c.s.PostProcessorRegistrationDelegate$BeanPostProcessorChecker:328 - Bean 'sqlSessionTemplate' of type [org.mybatis.spring.SqlSessionTemplate] is not eligible for getting processed by all BeanPostProcessors (for example: not eligible for auto-proxying)
2019-04-21 19:45:19.582 [restartedMain] INFO  o.s.c.s.PostProcessorRegistrationDelegate$BeanPostProcessorChecker:328 - Bean 'sysPermissionMapper' of type [org.mybatis.spring.mapper.MapperFactoryBean] is not eligible for getting processed by all BeanPostProcessors (for example: not eligible for auto-proxying)
2019-04-21 19:45:19.596 [restartedMain] INFO  o.s.c.s.PostProcessorRegistrationDelegate$BeanPostProcessorChecker:328 - Bean 'sysPermissionMapper' of type [com.sun.proxy.$Proxy88] is not eligible for getting processed by all BeanPostProcessors (for example: not eligible for auto-proxying)
2019-04-21 19:45:19.607 [restartedMain] INFO  o.s.c.s.PostProcessorRegistrationDelegate$BeanPostProcessorChecker:328 - Bean 'sysPermissionServiceImpl' of type [org.jeecg.modules.system.service.impl.SysPermissionServiceImpl] is not eligible for getting processed by all BeanPostProcessors (for example: not eligible for auto-proxying)
2019-04-21 19:45:19.638 [restartedMain] INFO  o.s.c.s.PostProcessorRegistrationDelegate$BeanPostProcessorChecker:328 - Bean 'sysUserMapper' of type [org.mybatis.spring.mapper.MapperFactoryBean] is not eligible for getting processed by all BeanPostProcessors (for example: not eligible for auto-proxying)
2019-04-21 19:45:19.642 [restartedMain] INFO  o.s.c.s.PostProcessorRegistrationDelegate$BeanPostProcessorChecker:328 - Bean 'sysUserMapper' of type [com.sun.proxy.$Proxy90] is not eligible for getting processed by all BeanPostProcessors (for example: not eligible for auto-proxying)
2019-04-21 19:45:19.708 [restartedMain] INFO  o.s.c.s.PostProcessorRegistrationDelegate$BeanPostProcessorChecker:328 - Bean 'sysUserRoleMapper' of type [org.mybatis.spring.mapper.MapperFactoryBean] is not eligible for getting processed by all BeanPostProcessors (for example: not eligible for auto-proxying)
2019-04-21 19:45:19.710 [restartedMain] INFO  o.s.c.s.PostProcessorRegistrationDelegate$BeanPostProcessorChecker:328 - Bean 'sysUserRoleMapper' of type [com.sun.proxy.$Proxy91] is not eligible for getting processed by all BeanPostProcessors (for example: not eligible for auto-proxying)
2019-04-21 19:45:19.710 [restartedMain] INFO  o.s.c.s.PostProcessorRegistrationDelegate$BeanPostProcessorChecker:328 - Bean 'sysUserServiceImpl' of type [org.jeecg.modules.system.service.impl.SysUserServiceImpl] is not eligible for getting processed by all BeanPostProcessors (for example: not eligible for auto-proxying)
2019-04-21 19:45:19.720 [restartedMain] INFO  o.s.c.s.PostProcessorRegistrationDelegate$BeanPostProcessorChecker:328 - Bean 'org.springframework.boot.autoconfigure.data.redis.RedisAutoConfiguration' of type [org.springframework.boot.autoconfigure.data.redis.RedisAutoConfiguration$$EnhancerBySpringCGLIB$$2f0a5f08] is not eligible for getting processed by all BeanPostProcessors (for example: not eligible for auto-proxying)
2019-04-21 19:45:19.769 [restartedMain] INFO  o.s.c.s.PostProcessorRegistrationDelegate$BeanPostProcessorChecker:328 - Bean 'spring.redis-org.springframework.boot.autoconfigure.data.redis.RedisProperties' of type [org.springframework.boot.autoconfigure.data.redis.RedisProperties] is not eligible for getting processed by all BeanPostProcessors (for example: not eligible for auto-proxying)
2019-04-21 19:45:19.792 [restartedMain] INFO  o.s.c.s.PostProcessorRegistrationDelegate$BeanPostProcessorChecker:328 - Bean 'org.springframework.boot.autoconfigure.data.redis.LettuceConnectionConfiguration' of type [org.springframework.boot.autoconfigure.data.redis.LettuceConnectionConfiguration$$EnhancerBySpringCGLIB$$4e8cf216] is not eligible for getting processed by all BeanPostProcessors (for example: not eligible for auto-proxying)
2019-04-21 19:45:20.027 [restartedMain] INFO  o.s.c.s.PostProcessorRegistrationDelegate$BeanPostProcessorChecker:328 - Bean 'lettuceClientResources' of type [io.lettuce.core.resource.DefaultClientResources] is not eligible for getting processed by all BeanPostProcessors (for example: not eligible for auto-proxying)
2019-04-21 19:45:20.208 [restartedMain] INFO  o.s.c.s.PostProcessorRegistrationDelegate$BeanPostProcessorChecker:328 - Bean 'redisConnectionFactory' of type [org.springframework.data.redis.connection.lettuce.LettuceConnectionFactory] is not eligible for getting processed by all BeanPostProcessors (for example: not eligible for auto-proxying)
2019-04-21 19:45:20.269 [restartedMain] INFO  o.s.c.s.PostProcessorRegistrationDelegate$BeanPostProcessorChecker:328 - Bean 'stringRedisTemplate' of type [org.springframework.data.redis.core.StringRedisTemplate] is not eligible for getting processed by all BeanPostProcessors (for example: not eligible for auto-proxying)
2019-04-21 19:45:20.289 [restartedMain] INFO  o.s.c.s.PostProcessorRegistrationDelegate$BeanPostProcessorChecker:328 - Bean 'redisConfig' of type [org.jeecg.config.RedisConfig$$EnhancerBySpringCGLIB$$a44724ac] is not eligible for getting processed by all BeanPostProcessors (for example: not eligible for auto-proxying)
2019-04-21 19:45:20.308 [restartedMain] INFO  o.s.c.s.PostProcessorRegistrationDelegate$BeanPostProcessorChecker:328 - Bean 'redisTemplate' of type [org.springframework.data.redis.core.RedisTemplate] is not eligible for getting processed by all BeanPostProcessors (for example: not eligible for auto-proxying)
2019-04-21 19:45:20.308 [restartedMain] INFO  o.s.c.s.PostProcessorRegistrationDelegate$BeanPostProcessorChecker:328 - Bean 'redisUtil' of type [org.jeecg.common.util.RedisUtil] is not eligible for getting processed by all BeanPostProcessors (for example: not eligible for auto-proxying)
2019-04-21 19:45:20.308 [restartedMain] INFO  o.s.c.s.PostProcessorRegistrationDelegate$BeanPostProcessorChecker:328 - Bean 'myRealm' of type [org.jeecg.modules.shiro.authc.MyRealm] is not eligible for getting processed by all BeanPostProcessors (for example: not eligible for auto-proxying)
2019-04-21 19:45:22.918 [restartedMain] INFO  o.s.c.s.PostProcessorRegistrationDelegate$BeanPostProcessorChecker:328 - Bean 'securityManager' of type [org.apache.shiro.web.mgt.DefaultWebSecurityManager] is not eligible for getting processed by all BeanPostProcessors (for example: not eligible for auto-proxying)
2019-04-21 19:45:23.024 [restartedMain] INFO  o.s.c.s.PostProcessorRegistrationDelegate$BeanPostProcessorChecker:328 - Bean 'authorizationAttributeSourceAdvisor' of type [org.apache.shiro.spring.security.interceptor.AuthorizationAttributeSourceAdvisor] is not eligible for getting processed by all BeanPostProcessors (for example: not eligible for auto-proxying)
2019-04-21 19:45:23.105 [restartedMain] INFO  o.s.c.s.PostProcessorRegistrationDelegate$BeanPostProcessorChecker:328 - Bean 'org.springframework.transaction.annotation.ProxyTransactionManagementConfiguration' of type [org.springframework.transaction.annotation.ProxyTransactionManagementConfiguration$$EnhancerBySpringCGLIB$$397333cc] is not eligible for getting processed by all BeanPostProcessors (for example: not eligible for auto-proxying)
2019-04-21 19:45:23.378 [restartedMain] INFO  o.s.c.s.PostProcessorRegistrationDelegate$BeanPostProcessorChecker:328 - Bean 'dsProcessor' of type [com.baomidou.dynamic.datasource.processor.DsHeaderProcessor] is not eligible for getting processed by all BeanPostProcessors (for example: not eligible for auto-proxying)
2019-04-21 19:45:23.384 [restartedMain] INFO  o.s.c.s.PostProcessorRegistrationDelegate$BeanPostProcessorChecker:328 - Bean 'dynamicDatasourceAnnotationAdvisor' of type [com.baomidou.dynamic.datasource.aop.DynamicDataSourceAnnotationAdvisor] is not eligible for getting processed by all BeanPostProcessors (for example: not eligible for auto-proxying)
2019-04-21 19:45:23.403 [restartedMain] INFO  o.s.c.s.PostProcessorRegistrationDelegate$BeanPostProcessorChecker:328 - Bean 'keyGenerator' of type [org.jeecg.config.RedisConfig$1] is not eligible for getting processed by all BeanPostProcessors (for example: not eligible for auto-proxying)
2019-04-21 19:45:23.492 [restartedMain] INFO  o.s.c.s.PostProcessorRegistrationDelegate$BeanPostProcessorChecker:328 - Bean 'org.apache.shiro.spring.boot.autoconfigure.ShiroBeanAutoConfiguration' of type [org.apache.shiro.spring.boot.autoconfigure.ShiroBeanAutoConfiguration$$EnhancerBySpringCGLIB$$4c8c117c] is not eligible for getting processed by all BeanPostProcessors (for example: not eligible for auto-proxying)
2019-04-21 19:45:23.509 [restartedMain] INFO  o.s.c.s.PostProcessorRegistrationDelegate$BeanPostProcessorChecker:328 - Bean 'eventBus' of type [org.apache.shiro.event.support.DefaultEventBus] is not eligible for getting processed by all BeanPostProcessors (for example: not eligible for auto-proxying)
2019-04-21 19:45:24.293 [restartedMain] INFO  o.s.boot.web.embedded.tomcat.TomcatWebServer:91 - Tomcat initialized with port(s): 8080 (http)
2019-04-21 19:45:24.328 [restartedMain] INFO  org.apache.coyote.http11.Http11NioProtocol:180 - Initializing ProtocolHandler ["http-nio-8080"]
2019-04-21 19:45:24.382 [restartedMain] INFO  org.apache.catalina.core.StandardService:180 - Starting service [Tomcat]
2019-04-21 19:45:24.393 [restartedMain] INFO  org.apache.catalina.core.StandardEngine:180 - Starting Servlet Engine: Apache Tomcat/8.5.31
2019-04-21 19:45:24.401 [localhost-startStop-1] INFO  org.apache.catalina.core.AprLifecycleListener:180 - Loaded APR based Apache Tomcat Native library [1.2.17] using APR version [1.6.3].
2019-04-21 19:45:24.402 [localhost-startStop-1] INFO  org.apache.catalina.core.AprLifecycleListener:180 - APR capabilities: IPv6 [true], sendfile [true], accept filters [false], random [true].
2019-04-21 19:45:24.403 [localhost-startStop-1] INFO  org.apache.catalina.core.AprLifecycleListener:180 - APR/OpenSSL configuration: useAprConnector [false], useOpenSSL [true]
2019-04-21 19:45:25.669 [localhost-startStop-1] INFO  org.apache.catalina.core.AprLifecycleListener:180 - OpenSSL successfully initialized [OpenSSL 1.0.2o  27 Mar 2018]
2019-04-21 19:45:25.921 [localhost-startStop-1] INFO  o.a.c.c.C.[Tomcat].[localhost].[/jeecg-boot]:180 - Initializing Spring embedded WebApplicationContext
2019-04-21 19:45:25.934 [localhost-startStop-1] INFO  org.springframework.web.context.ContextLoader:285 - Root WebApplicationContext: initialization completed in 14068 ms
2019-04-21 19:45:26.461 [localhost-startStop-1] INFO  o.s.boot.web.servlet.ServletRegistrationBean:186 - Servlet dispatcherServlet mapped to [/]
2019-04-21 19:45:26.473 [localhost-startStop-1] INFO  o.s.boot.web.servlet.ServletRegistrationBean:186 - Servlet statViewServlet mapped to [/druid/*]
2019-04-21 19:45:26.481 [localhost-startStop-1] INFO  o.s.boot.web.servlet.FilterRegistrationBean:245 - Mapping filter: 'characterEncodingFilter' to: [/*]
2019-04-21 19:45:26.491 [localhost-startStop-1] INFO  o.s.boot.web.servlet.FilterRegistrationBean:245 - Mapping filter: 'hiddenHttpMethodFilter' to: [/*]
2019-04-21 19:45:26.492 [localhost-startStop-1] INFO  o.s.boot.web.servlet.FilterRegistrationBean:245 - Mapping filter: 'httpPutFormContentFilter' to: [/*]
2019-04-21 19:45:26.494 [localhost-startStop-1] INFO  o.s.boot.web.servlet.FilterRegistrationBean:245 - Mapping filter: 'requestContextFilter' to: [/*]
2019-04-21 19:45:26.494 [localhost-startStop-1] INFO  o.s.boot.web.servlet.FilterRegistrationBean:258 - Mapping filter: 'webStatFilter' to urls: [/*]
2019-04-21 19:45:26.494 [localhost-startStop-1] INFO  o.s.boot.web.servlet.FilterRegistrationBean:245 - Mapping filter: 'shiroFilter' to: [/*]
2019-04-21 19:45:26.494 [localhost-startStop-1] INFO  o.s.boot.web.servlet.FilterRegistrationBean:245 - Mapping filter: 'corsFilter' to: [/*]
2019-04-21 19:45:27.677 [restartedMain] INFO  org.quartz.impl.StdSchedulerFactory:1208 - Using default implementation for ThreadExecutor
2019-04-21 19:45:27.709 [restartedMain] INFO  org.quartz.core.SchedulerSignalerImpl:61 - Initialized Scheduler Signaller of type: class org.quartz.core.SchedulerSignalerImpl
2019-04-21 19:45:27.715 [restartedMain] INFO  org.quartz.core.QuartzScheduler:229 - Quartz Scheduler v.2.3.0 created.
2019-04-21 19:45:27.726 [restartedMain] INFO  o.s.scheduling.quartz.LocalDataSourceJobStore:672 - Using db table-based data access locking (synchronization).
2019-04-21 19:45:27.737 [restartedMain] INFO  o.s.scheduling.quartz.LocalDataSourceJobStore:145 - JobStoreCMT initialized.
2019-04-21 19:45:27.737 [restartedMain] INFO  org.quartz.core.QuartzScheduler:294 - Scheduler meta-data: Quartz Scheduler (v2.3.0) 'quartzScheduler' with instanceId 'NON_CLUSTERED'
  Scheduler class: 'org.quartz.core.QuartzScheduler' - running locally.
  NOT STARTED.
  Currently in standby mode.
  Number of jobs executed: 0
  Using thread pool 'org.quartz.simpl.SimpleThreadPool' - with 10 threads.
  Using job-store 'org.springframework.scheduling.quartz.LocalDataSourceJobStore' - which supports persistence. and is not clustered.

2019-04-21 19:45:27.737 [restartedMain] INFO  org.quartz.impl.StdSchedulerFactory:1362 - Quartz scheduler 'quartzScheduler' initialized from an externally provided properties instance.
2019-04-21 19:45:27.737 [restartedMain] INFO  org.quartz.impl.StdSchedulerFactory:1366 - Quartz scheduler version: 2.3.0
2019-04-21 19:45:27.737 [restartedMain] INFO  org.quartz.core.QuartzScheduler:2287 - JobFactory set to: org.springframework.boot.autoconfigure.quartz.AutowireCapableBeanJobFactory@75af6ea1
2019-04-21 19:45:29.706 [restartedMain] INFO  o.s.w.s.m.m.a.RequestMappingHandlerMapping:547 - Mapped "{[/sys/common/view/**],methods=[GET]}" onto public void org.jeecg.common.system.controller.CommonController.view(javax.servlet.http.HttpServletRequest,javax.servlet.http.HttpServletResponse)
2019-04-21 19:45:29.724 [restartedMain] INFO  o.s.w.s.m.m.a.RequestMappingHandlerMapping:547 - Mapped "{[/sys/common/upload],methods=[POST]}" onto public org.jeecg.common.api.vo.Result<org.jeecg.modules.system.entity.SysUser> org.jeecg.common.system.controller.CommonController.upload(javax.servlet.http.HttpServletRequest,javax.servlet.http.HttpServletResponse)
2019-04-21 19:45:29.724 [restartedMain] INFO  o.s.w.s.m.m.a.RequestMappingHandlerMapping:547 - Mapped "{[/api/permission],methods=[GET]}" onto public java.lang.String org.jeecg.modules.demo.mock.MockController.permission()
2019-04-21 19:45:29.743 [restartedMain] INFO  o.s.w.s.m.m.a.RequestMappingHandlerMapping:547 - Mapped "{[/api/role],methods=[GET]}" onto public java.lang.String org.jeecg.modules.demo.mock.MockController.role()
2019-04-21 19:45:29.743 [restartedMain] INFO  o.s.w.s.m.m.a.RequestMappingHandlerMapping:547 - Mapped "{[/api/user],methods=[GET]}" onto public java.lang.String org.jeecg.modules.demo.mock.MockController.user()
2019-04-21 19:45:29.743 [restartedMain] INFO  o.s.w.s.m.m.a.RequestMappingHandlerMapping:547 - Mapped "{[/api/service],methods=[GET]}" onto public java.lang.String org.jeecg.modules.demo.mock.MockController.service()
2019-04-21 19:45:29.743 [restartedMain] INFO  o.s.w.s.m.m.a.RequestMappingHandlerMapping:547 - Mapped "{[/api/workplace/activity],methods=[GET]}" onto public java.lang.String org.jeecg.modules.demo.mock.MockController.activity()
2019-04-21 19:45:29.761 [restartedMain] INFO  o.s.w.s.m.m.a.RequestMappingHandlerMapping:547 - Mapped "{[/api/list/search/projects],methods=[GET]}" onto public java.lang.String org.jeecg.modules.demo.mock.MockController.projects()
2019-04-21 19:45:29.761 [restartedMain] INFO  o.s.w.s.m.m.a.RequestMappingHandlerMapping:547 - Mapped "{[/api/workplace/teams],methods=[GET]}" onto public java.lang.String org.jeecg.modules.demo.mock.MockController.teams()
2019-04-21 19:45:29.761 [restartedMain] INFO  o.s.w.s.m.m.a.RequestMappingHandlerMapping:547 - Mapped "{[/api/workplace/radar],methods=[GET]}" onto public java.lang.String org.jeecg.modules.demo.mock.MockController.radar()
2019-04-21 19:45:29.766 [restartedMain] INFO  o.s.w.s.m.m.a.RequestMappingHandlerMapping:547 - Mapped "{[/api/permission/no-pager],methods=[GET]}" onto public java.lang.String org.jeecg.modules.demo.mock.MockController.permission_no_page()
2019-04-21 19:45:29.767 [restartedMain] INFO  o.s.w.s.m.m.a.RequestMappingHandlerMapping:547 - Mapped "{[/auto/cgform/list],methods=[GET]}" onto public org.springframework.web.servlet.ModelAndView org.jeecg.modules.demo.test.controller.AutoController.list(javax.servlet.http.HttpServletRequest,javax.servlet.http.HttpServletResponse,org.springframework.web.servlet.ModelAndView)
2019-04-21 19:45:29.785 [restartedMain] INFO  o.s.w.s.m.m.a.RequestMappingHandlerMapping:547 - Mapped "{[/test/jeecgDemo/add],methods=[POST]}" onto public org.jeecg.common.api.vo.Result<org.jeecg.modules.demo.test.entity.JeecgDemo> org.jeecg.modules.demo.test.controller.JeecgDemoController.add(org.jeecg.modules.demo.test.entity.JeecgDemo)
2019-04-21 19:45:29.785 [restartedMain] INFO  o.s.w.s.m.m.a.RequestMappingHandlerMapping:547 - Mapped "{[/test/jeecgDemo/delete],methods=[DELETE]}" onto public org.jeecg.common.api.vo.Result<org.jeecg.modules.demo.test.entity.JeecgDemo> org.jeecg.modules.demo.test.controller.JeecgDemoController.delete(java.lang.String)
2019-04-21 19:45:29.785 [restartedMain] INFO  o.s.w.s.m.m.a.RequestMappingHandlerMapping:547 - Mapped "{[/test/jeecgDemo/list],methods=[GET]}" onto public org.jeecg.common.api.vo.Result<com.baomidou.mybatisplus.core.metadata.IPage<org.jeecg.modules.demo.test.entity.JeecgDemo>> org.jeecg.modules.demo.test.controller.JeecgDemoController.list(org.jeecg.modules.demo.test.entity.JeecgDemo,java.lang.Integer,java.lang.Integer,javax.servlet.http.HttpServletRequest)
2019-04-21 19:45:29.785 [restartedMain] INFO  o.s.w.s.m.m.a.RequestMappingHandlerMapping:547 - Mapped "{[/test/jeecgDemo/hello],methods=[GET]}" onto public org.jeecg.common.api.vo.Result<java.lang.String> org.jeecg.modules.demo.test.controller.JeecgDemoController.hello()
2019-04-21 19:45:29.785 [restartedMain] INFO  o.s.w.s.m.m.a.RequestMappingHandlerMapping:547 - Mapped "{[/test/jeecgDemo/redisSet],methods=[GET]}" onto public void org.jeecg.modules.demo.test.controller.JeecgDemoController.redisSet()
2019-04-21 19:45:29.785 [restartedMain] INFO  o.s.w.s.m.m.a.RequestMappingHandlerMapping:547 - Mapped "{[/test/jeecgDemo/redisGet],methods=[GET]}" onto public java.lang.String org.jeecg.modules.demo.test.controller.JeecgDemoController.redisGet()
2019-04-21 19:45:29.802 [restartedMain] INFO  o.s.w.s.m.m.a.RequestMappingHandlerMapping:547 - Mapped "{[/test/jeecgDemo/queryById],methods=[GET]}" onto public org.jeecg.common.api.vo.Result<org.jeecg.modules.demo.test.entity.JeecgDemo> org.jeecg.modules.demo.test.controller.JeecgDemoController.queryById(java.lang.String)
2019-04-21 19:45:29.811 [restartedMain] INFO  o.s.w.s.m.m.a.RequestMappingHandlerMapping:547 - Mapped "{[/test/jeecgDemo/redisSetObj],methods=[GET]}" onto public void org.jeecg.modules.demo.test.controller.JeecgDemoController.redisSetObj()
2019-04-21 19:45:29.811 [restartedMain] INFO  o.s.w.s.m.m.a.RequestMappingHandlerMapping:547 - Mapped "{[/test/jeecgDemo/redisGetObj],methods=[GET]}" onto public java.lang.Object org.jeecg.modules.demo.test.controller.JeecgDemoController.redisGetObj()
2019-04-21 19:45:29.811 [restartedMain] INFO  o.s.w.s.m.m.a.RequestMappingHandlerMapping:547 - Mapped "{[/test/jeecgDemo/edit],methods=[PUT]}" onto public org.jeecg.common.api.vo.Result<org.jeecg.modules.demo.test.entity.JeecgDemo> org.jeecg.modules.demo.test.controller.JeecgDemoController.eidt(org.jeecg.modules.demo.test.entity.JeecgDemo)
2019-04-21 19:45:29.811 [restartedMain] INFO  o.s.w.s.m.m.a.RequestMappingHandlerMapping:547 - Mapped "{[/test/jeecgDemo/deleteBatch],methods=[DELETE]}" onto public org.jeecg.common.api.vo.Result<org.jeecg.modules.demo.test.entity.JeecgDemo> org.jeecg.modules.demo.test.controller.JeecgDemoController.deleteBatch(java.lang.String)
2019-04-21 19:45:29.811 [restartedMain] INFO  o.s.w.s.m.m.a.RequestMappingHandlerMapping:547 - Mapped "{[/test/jeecgDemo/demo3]}" onto public org.springframework.web.servlet.ModelAndView org.jeecg.modules.demo.test.controller.JeecgDemoController.demo3(org.springframework.web.servlet.ModelAndView)
2019-04-21 19:45:29.811 [restartedMain] INFO  o.s.w.s.m.m.a.RequestMappingHandlerMapping:547 - Mapped "{[/test/jeecgDemo/redisDemo/{id}],methods=[GET]}" onto public org.jeecg.modules.demo.test.entity.JeecgDemo org.jeecg.modules.demo.test.controller.JeecgDemoController.redisGetJeecgDemo(java.lang.String)
2019-04-21 19:45:29.811 [restartedMain] INFO  o.s.w.s.m.m.a.RequestMappingHandlerMapping:547 - Mapped "{[/test/order/add],methods=[POST]}" onto public org.jeecg.common.api.vo.Result<org.jeecg.modules.demo.test.entity.JeecgOrderMain> org.jeecg.modules.demo.test.controller.JeecgOrderDMainController.add(org.jeecg.modules.demo.test.vo.JeecgOrderMainPage)
2019-04-21 19:45:29.811 [restartedMain] INFO  o.s.w.s.m.m.a.RequestMappingHandlerMapping:547 - Mapped "{[/test/order/delete],methods=[DELETE]}" onto public org.jeecg.common.api.vo.Result<org.jeecg.modules.demo.test.entity.JeecgOrderMain> org.jeecg.modules.demo.test.controller.JeecgOrderDMainController.delete(java.lang.String)
2019-04-21 19:45:29.811 [restartedMain] INFO  o.s.w.s.m.m.a.RequestMappingHandlerMapping:547 - Mapped "{[/test/order/addTicket],methods=[POST]}" onto public org.jeecg.common.api.vo.Result<org.jeecg.modules.demo.test.entity.JeecgOrderTicket> org.jeecg.modules.demo.test.controller.JeecgOrderDMainController.addTicket(org.jeecg.modules.demo.test.entity.JeecgOrderTicket)
2019-04-21 19:45:29.827 [restartedMain] INFO  o.s.w.s.m.m.a.RequestMappingHandlerMapping:547 - Mapped "{[/test/order/deleteTicket],methods=[DELETE]}" onto public org.jeecg.common.api.vo.Result<org.jeecg.modules.demo.test.entity.JeecgOrderTicket> org.jeecg.modules.demo.test.controller.JeecgOrderDMainController.deleteTicket(java.lang.String)
2019-04-21 19:45:29.828 [restartedMain] INFO  o.s.w.s.m.m.a.RequestMappingHandlerMapping:547 - Mapped "{[/test/order/editTicket],methods=[PUT]}" onto public org.jeecg.common.api.vo.Result<org.jeecg.modules.demo.test.entity.JeecgOrderTicket> org.jeecg.modules.demo.test.controller.JeecgOrderDMainController.editTicket(org.jeecg.modules.demo.test.entity.JeecgOrderTicket)
2019-04-21 19:45:29.829 [restartedMain] INFO  o.s.w.s.m.m.a.RequestMappingHandlerMapping:547 - Mapped "{[/test/order/addCustomer],methods=[POST]}" onto public org.jeecg.common.api.vo.Result<org.jeecg.modules.demo.test.entity.JeecgOrderCustomer> org.jeecg.modules.demo.test.controller.JeecgOrderDMainController.addCustomer(org.jeecg.modules.demo.test.entity.JeecgOrderCustomer)
2019-04-21 19:45:29.829 [restartedMain] INFO  o.s.w.s.m.m.a.RequestMappingHandlerMapping:547 - Mapped "{[/test/order/deleteCustomer],methods=[DELETE]}" onto public org.jeecg.common.api.vo.Result<org.jeecg.modules.demo.test.entity.JeecgOrderCustomer> org.jeecg.modules.demo.test.controller.JeecgOrderDMainController.deleteCustomer(java.lang.String)
2019-04-21 19:45:29.829 [restartedMain] INFO  o.s.w.s.m.m.a.RequestMappingHandlerMapping:547 - Mapped "{[/test/order/queryById],methods=[GET]}" onto public org.jeecg.common.api.vo.Result<org.jeecg.modules.demo.test.entity.JeecgOrderMain> org.jeecg.modules.demo.test.controller.JeecgOrderDMainController.queryById(java.lang.String)
2019-04-21 19:45:29.829 [restartedMain] INFO  o.s.w.s.m.m.a.RequestMappingHandlerMapping:547 - Mapped "{[/test/order/edit],methods=[PUT]}" onto public org.jeecg.common.api.vo.Result<org.jeecg.modules.demo.test.entity.JeecgOrderMain> org.jeecg.modules.demo.test.controller.JeecgOrderDMainController.edit(org.jeecg.modules.demo.test.vo.JeecgOrderMainPage)
2019-04-21 19:45:29.829 [restartedMain] INFO  o.s.w.s.m.m.a.RequestMappingHandlerMapping:547 - Mapped "{[/test/order/editCustomer],methods=[PUT]}" onto public org.jeecg.common.api.vo.Result<org.jeecg.modules.demo.test.entity.JeecgOrderCustomer> org.jeecg.modules.demo.test.controller.JeecgOrderDMainController.editCustomer(org.jeecg.modules.demo.test.entity.JeecgOrderCustomer)
2019-04-21 19:45:29.829 [restartedMain] INFO  o.s.w.s.m.m.a.RequestMappingHandlerMapping:547 - Mapped "{[/test/order/deleteBatch],methods=[DELETE]}" onto public org.jeecg.common.api.vo.Result<org.jeecg.modules.demo.test.entity.JeecgOrderMain> org.jeecg.modules.demo.test.controller.JeecgOrderDMainController.deleteBatch(java.lang.String)
2019-04-21 19:45:29.829 [restartedMain] INFO  o.s.w.s.m.m.a.RequestMappingHandlerMapping:547 - Mapped "{[/test/order/queryOrderCustomerListByMainId],methods=[GET]}" onto public org.jeecg.common.api.vo.Result<java.util.List<org.jeecg.modules.demo.test.entity.JeecgOrderCustomer>> org.jeecg.modules.demo.test.controller.JeecgOrderDMainController.queryOrderCustomerListByMainId(java.lang.String)
2019-04-21 19:45:29.829 [restartedMain] INFO  o.s.w.s.m.m.a.RequestMappingHandlerMapping:547 - Mapped "{[/test/order/queryOrderTicketListByMainId],methods=[GET]}" onto public org.jeecg.common.api.vo.Result<java.util.List<org.jeecg.modules.demo.test.entity.JeecgOrderTicket>> org.jeecg.modules.demo.test.controller.JeecgOrderDMainController.queryOrderTicketListByMainId(java.lang.String)
2019-04-21 19:45:29.829 [restartedMain] INFO  o.s.w.s.m.m.a.RequestMappingHandlerMapping:547 - Mapped "{[/test/order/deleteBatchTicket],methods=[DELETE]}" onto public org.jeecg.common.api.vo.Result<org.jeecg.modules.demo.test.entity.JeecgOrderTicket> org.jeecg.modules.demo.test.controller.JeecgOrderDMainController.deleteBatchTicket(java.lang.String)
2019-04-21 19:45:29.829 [restartedMain] INFO  o.s.w.s.m.m.a.RequestMappingHandlerMapping:547 - Mapped "{[/test/order/deleteBatchCustomer],methods=[DELETE]}" onto public org.jeecg.common.api.vo.Result<org.jeecg.modules.demo.test.entity.JeecgOrderCustomer> org.jeecg.modules.demo.test.controller.JeecgOrderDMainController.deleteBatchCustomer(java.lang.String)
2019-04-21 19:45:29.829 [restartedMain] INFO  o.s.w.s.m.m.a.RequestMappingHandlerMapping:547 - Mapped "{[/test/order/orderList],methods=[GET]}" onto public org.jeecg.common.api.vo.Result<com.baomidou.mybatisplus.core.metadata.IPage<org.jeecg.modules.demo.test.entity.JeecgOrderMain>> org.jeecg.modules.demo.test.controller.JeecgOrderDMainController.respondePagedData(org.jeecg.modules.demo.test.entity.JeecgOrderMain,java.lang.Integer,java.lang.Integer,javax.servlet.http.HttpServletRequest)
2019-04-21 19:45:29.847 [restartedMain] INFO  o.s.w.s.m.m.a.RequestMappingHandlerMapping:547 - Mapped "{[/test/jeecgOrderMain/add],methods=[POST]}" onto public org.jeecg.common.api.vo.Result<org.jeecg.modules.demo.test.entity.JeecgOrderMain> org.jeecg.modules.demo.test.controller.JeecgOrderMainController.add(org.jeecg.modules.demo.test.vo.JeecgOrderMainPage)
2019-04-21 19:45:29.847 [restartedMain] INFO  o.s.w.s.m.m.a.RequestMappingHandlerMapping:547 - Mapped "{[/test/jeecgOrderMain/delete],methods=[DELETE]}" onto public org.jeecg.common.api.vo.Result<org.jeecg.modules.demo.test.entity.JeecgOrderMain> org.jeecg.modules.demo.test.controller.JeecgOrderMainController.delete(java.lang.String)
2019-04-21 19:45:29.847 [restartedMain] INFO  o.s.w.s.m.m.a.RequestMappingHandlerMapping:547 - Mapped "{[/test/jeecgOrderMain/queryById],methods=[GET]}" onto public org.jeecg.common.api.vo.Result<org.jeecg.modules.demo.test.entity.JeecgOrderMain> org.jeecg.modules.demo.test.controller.JeecgOrderMainController.queryById(java.lang.String)
2019-04-21 19:45:29.847 [restartedMain] INFO  o.s.w.s.m.m.a.RequestMappingHandlerMapping:547 - Mapped "{[/test/jeecgOrderMain/edit],methods=[PUT]}" onto public org.jeecg.common.api.vo.Result<org.jeecg.modules.demo.test.entity.JeecgOrderMain> org.jeecg.modules.demo.test.controller.JeecgOrderMainController.eidt(org.jeecg.modules.demo.test.vo.JeecgOrderMainPage)
2019-04-21 19:45:29.847 [restartedMain] INFO  o.s.w.s.m.m.a.RequestMappingHandlerMapping:547 - Mapped "{[/test/jeecgOrderMain/deleteBatch],methods=[DELETE]}" onto public org.jeecg.common.api.vo.Result<org.jeecg.modules.demo.test.entity.JeecgOrderMain> org.jeecg.modules.demo.test.controller.JeecgOrderMainController.deleteBatch(java.lang.String)
2019-04-21 19:45:29.847 [restartedMain] INFO  o.s.w.s.m.m.a.RequestMappingHandlerMapping:547 - Mapped "{[/test/jeecgOrderMain/queryOrderCustomerListByMainId],methods=[GET]}" onto public org.jeecg.common.api.vo.Result<java.util.List<org.jeecg.modules.demo.test.entity.JeecgOrderCustomer>> org.jeecg.modules.demo.test.controller.JeecgOrderMainController.queryOrderCustomerListByMainId(java.lang.String)
2019-04-21 19:45:29.847 [restartedMain] INFO  o.s.w.s.m.m.a.RequestMappingHandlerMapping:547 - Mapped "{[/test/jeecgOrderMain/queryOrderTicketListByMainId],methods=[GET]}" onto public org.jeecg.common.api.vo.Result<java.util.List<org.jeecg.modules.demo.test.entity.JeecgOrderTicket>> org.jeecg.modules.demo.test.controller.JeecgOrderMainController.queryOrderTicketListByMainId(java.lang.String)
2019-04-21 19:45:29.847 [restartedMain] INFO  o.s.w.s.m.m.a.RequestMappingHandlerMapping:547 - Mapped "{[/test/jeecgOrderMain/list],methods=[GET]}" onto public org.jeecg.common.api.vo.Result<com.baomidou.mybatisplus.core.metadata.IPage<org.jeecg.modules.demo.test.entity.JeecgOrderMain>> org.jeecg.modules.demo.test.controller.JeecgOrderMainController.queryPageList(org.jeecg.modules.demo.test.entity.JeecgOrderMain,java.lang.Integer,java.lang.Integer,javax.servlet.http.HttpServletRequest)
2019-04-21 19:45:29.847 [restartedMain] INFO  o.s.w.s.m.m.a.RequestMappingHandlerMapping:547 - Mapped "{[/sys/quartzJob/add],methods=[POST]}" onto public org.jeecg.common.api.vo.Result<?> org.jeecg.modules.quartz.controller.QuartzJobController.add(org.jeecg.modules.quartz.entity.QuartzJob)
2019-04-21 19:45:29.847 [restartedMain] INFO  o.s.w.s.m.m.a.RequestMappingHandlerMapping:547 - Mapped "{[/sys/quartzJob/delete],methods=[DELETE]}" onto public org.jeecg.common.api.vo.Result<org.jeecg.modules.quartz.entity.QuartzJob> org.jeecg.modules.quartz.controller.QuartzJobController.delete(java.lang.String)
2019-04-21 19:45:29.860 [restartedMain] INFO  o.s.w.s.m.m.a.RequestMappingHandlerMapping:547 - Mapped "{[/sys/quartzJob/resume],methods=[POST]}" onto public org.jeecg.common.api.vo.Result<java.lang.Object> org.jeecg.modules.quartz.controller.QuartzJobController.resumeJob(org.jeecg.modules.quartz.entity.QuartzJob)
2019-04-21 19:45:29.860 [restartedMain] INFO  o.s.w.s.m.m.a.RequestMappingHandlerMapping:547 - Mapped "{[/sys/quartzJob/pause],methods=[POST]}" onto public org.jeecg.common.api.vo.Result<java.lang.Object> org.jeecg.modules.quartz.controller.QuartzJobController.pauseJob(org.jeecg.modules.quartz.entity.QuartzJob)
2019-04-21 19:45:29.875 [restartedMain] INFO  o.s.w.s.m.m.a.RequestMappingHandlerMapping:547 - Mapped "{[/sys/quartzJob/queryById],methods=[GET]}" onto public org.jeecg.common.api.vo.Result<org.jeecg.modules.quartz.entity.QuartzJob> org.jeecg.modules.quartz.controller.QuartzJobController.queryById(java.lang.String)
2019-04-21 19:45:29.876 [restartedMain] INFO  o.s.w.s.m.m.a.RequestMappingHandlerMapping:547 - Mapped "{[/sys/quartzJob/edit],methods=[PUT]}" onto public org.jeecg.common.api.vo.Result<org.jeecg.modules.quartz.entity.QuartzJob> org.jeecg.modules.quartz.controller.QuartzJobController.eidt(org.jeecg.modules.quartz.entity.QuartzJob)
2019-04-21 19:45:29.876 [restartedMain] INFO  o.s.w.s.m.m.a.RequestMappingHandlerMapping:547 - Mapped "{[/sys/quartzJob/deleteBatch],methods=[DELETE]}" onto public org.jeecg.common.api.vo.Result<org.jeecg.modules.quartz.entity.QuartzJob> org.jeecg.modules.quartz.controller.QuartzJobController.deleteBatch(java.lang.String)
2019-04-21 19:45:29.876 [restartedMain] INFO  o.s.w.s.m.m.a.RequestMappingHandlerMapping:547 - Mapped "{[/sys/quartzJob/list],methods=[GET]}" onto public org.jeecg.common.api.vo.Result<com.baomidou.mybatisplus.core.metadata.IPage<org.jeecg.modules.quartz.entity.QuartzJob>> org.jeecg.modules.quartz.controller.QuartzJobController.queryPageList(org.jeecg.modules.quartz.entity.QuartzJob,java.lang.Integer,java.lang.Integer,javax.servlet.http.HttpServletRequest)
2019-04-21 19:45:29.876 [restartedMain] INFO  o.s.w.s.m.m.a.RequestMappingHandlerMapping:547 - Mapped "{[/article],methods=[GET]}" onto public org.jeecg.modules.shiro.vo.ResponseBean org.jeecg.modules.shiro.web.TestWebController.article()
2019-04-21 19:45:29.876 [restartedMain] INFO  o.s.w.s.m.m.a.RequestMappingHandlerMapping:547 - Mapped "{[/require_permission],methods=[GET]}" onto public org.jeecg.modules.shiro.vo.ResponseBean org.jeecg.modules.shiro.web.TestWebController.requirePermission()
2019-04-21 19:45:29.876 [restartedMain] INFO  o.s.w.s.m.m.a.RequestMappingHandlerMapping:547 - Mapped "{[/require_auth],methods=[GET]}" onto public org.jeecg.modules.shiro.vo.ResponseBean org.jeecg.modules.shiro.web.TestWebController.requireAuth()
2019-04-21 19:45:29.876 [restartedMain] INFO  o.s.w.s.m.m.a.RequestMappingHandlerMapping:547 - Mapped "{[/require_role],methods=[GET]}" onto public org.jeecg.modules.shiro.vo.ResponseBean org.jeecg.modules.shiro.web.TestWebController.requireRole()
2019-04-21 19:45:29.876 [restartedMain] INFO  o.s.w.s.m.m.a.RequestMappingHandlerMapping:547 - Mapped "{[/401]}" onto public org.jeecg.modules.shiro.vo.ResponseBean org.jeecg.modules.shiro.web.TestWebController.unauthorized()
2019-04-21 19:45:29.876 [restartedMain] INFO  o.s.w.s.m.m.a.RequestMappingHandlerMapping:547 - Mapped "{[/login],methods=[POST]}" onto public org.jeecg.modules.shiro.vo.ResponseBean org.jeecg.modules.shiro.web.TestWebController.login(java.lang.String,java.lang.String)
2019-04-21 19:45:29.876 [restartedMain] INFO  o.s.w.s.m.m.a.RequestMappingHandlerMapping:547 - Mapped "{[/sys/loginfo],methods=[GET]}" onto public org.jeecg.common.api.vo.Result<com.alibaba.fastjson.JSONObject> org.jeecg.modules.system.controller.LoginController.loginfo()
2019-04-21 19:45:29.876 [restartedMain] INFO  o.s.w.s.m.m.a.RequestMappingHandlerMapping:547 - Mapped "{[/sys/login],methods=[POST]}" onto public org.jeecg.common.api.vo.Result<com.alibaba.fastjson.JSONObject> org.jeecg.modules.system.controller.LoginController.login(org.jeecg.modules.system.model.SysLoginModel)
2019-04-21 19:45:29.876 [restartedMain] INFO  o.s.w.s.m.m.a.RequestMappingHandlerMapping:547 - Mapped "{[/sys/annountCement/add],methods=[POST]}" onto public org.jeecg.common.api.vo.Result<org.jeecg.modules.system.entity.SysAnnouncement> org.jeecg.modules.system.controller.SysAnnouncementController.add(org.jeecg.modules.system.entity.SysAnnouncement)
2019-04-21 19:45:29.876 [restartedMain] INFO  o.s.w.s.m.m.a.RequestMappingHandlerMapping:547 - Mapped "{[/sys/annountCement/delete],methods=[DELETE]}" onto public org.jeecg.common.api.vo.Result<org.jeecg.modules.system.entity.SysAnnouncement> org.jeecg.modules.system.controller.SysAnnouncementController.delete(java.lang.String)
2019-04-21 19:45:29.893 [restartedMain] INFO  o.s.w.s.m.m.a.RequestMappingHandlerMapping:547 - Mapped "{[/sys/annountCement/queryById],methods=[GET]}" onto public org.jeecg.common.api.vo.Result<org.jeecg.modules.system.entity.SysAnnouncement> org.jeecg.modules.system.controller.SysAnnouncementController.queryById(java.lang.String)
2019-04-21 19:45:29.894 [restartedMain] INFO  o.s.w.s.m.m.a.RequestMappingHandlerMapping:547 - Mapped "{[/sys/annountCement/edit],methods=[PUT]}" onto public org.jeecg.common.api.vo.Result<org.jeecg.modules.system.entity.SysAnnouncement> org.jeecg.modules.system.controller.SysAnnouncementController.eidt(org.jeecg.modules.system.entity.SysAnnouncement)
2019-04-21 19:45:29.894 [restartedMain] INFO  o.s.w.s.m.m.a.RequestMappingHandlerMapping:547 - Mapped "{[/sys/annountCement/deleteBatch],methods=[DELETE]}" onto public org.jeecg.common.api.vo.Result<org.jeecg.modules.system.entity.SysAnnouncement> org.jeecg.modules.system.controller.SysAnnouncementController.deleteBatch(java.lang.String)
2019-04-21 19:45:29.894 [restartedMain] INFO  o.s.w.s.m.m.a.RequestMappingHandlerMapping:547 - Mapped "{[/sys/annountCement/list],methods=[GET]}" onto public org.jeecg.common.api.vo.Result<com.baomidou.mybatisplus.core.metadata.IPage<org.jeecg.modules.system.entity.SysAnnouncement>> org.jeecg.modules.system.controller.SysAnnouncementController.queryPageList(org.jeecg.modules.system.entity.SysAnnouncement,java.lang.Integer,java.lang.Integer,javax.servlet.http.HttpServletRequest)
2019-04-21 19:45:29.894 [restartedMain] INFO  o.s.w.s.m.m.a.RequestMappingHandlerMapping:547 - Mapped "{[/sys/annountCement/doReleaseData],methods=[GET]}" onto public org.jeecg.common.api.vo.Result<org.jeecg.modules.system.entity.SysAnnouncement> org.jeecg.modules.system.controller.SysAnnouncementController.doReleaseData(java.lang.String,javax.servlet.http.HttpServletRequest)
2019-04-21 19:45:29.894 [restartedMain] INFO  o.s.w.s.m.m.a.RequestMappingHandlerMapping:547 - Mapped "{[/sys/annountCement/doReovkeData],methods=[GET]}" onto public org.jeecg.common.api.vo.Result<org.jeecg.modules.system.entity.SysAnnouncement> org.jeecg.modules.system.controller.SysAnnouncementController.doReovkeData(java.lang.String,javax.servlet.http.HttpServletRequest)
2019-04-21 19:45:29.894 [restartedMain] INFO  o.s.w.s.m.m.a.RequestMappingHandlerMapping:547 - Mapped "{[/sysdepart/sysDepart/add],methods=[POST]}" onto public org.jeecg.common.api.vo.Result<org.jeecg.modules.system.entity.SysDepart> org.jeecg.modules.system.controller.SysDepartController.add(org.jeecg.modules.system.entity.SysDepart,javax.servlet.http.HttpServletRequest)
2019-04-21 19:45:29.894 [restartedMain] INFO  o.s.w.s.m.m.a.RequestMappingHandlerMapping:547 - Mapped "{[/sysdepart/sysDepart/delete],methods=[DELETE]}" onto public org.jeecg.common.api.vo.Result<org.jeecg.modules.system.entity.SysDepart> org.jeecg.modules.system.controller.SysDepartController.delete(java.lang.String)
2019-04-21 19:45:29.894 [restartedMain] INFO  o.s.w.s.m.m.a.RequestMappingHandlerMapping:547 - Mapped "{[/sysdepart/sysDepart/edit],methods=[PUT]}" onto public org.jeecg.common.api.vo.Result<org.jeecg.modules.system.entity.SysDepart> org.jeecg.modules.system.controller.SysDepartController.eidt(org.jeecg.modules.system.entity.SysDepart,javax.servlet.http.HttpServletRequest)
2019-04-21 19:45:29.894 [restartedMain] INFO  o.s.w.s.m.m.a.RequestMappingHandlerMapping:547 - Mapped "{[/sysdepart/sysDepart/deleteBatch],methods=[DELETE]}" onto public org.jeecg.common.api.vo.Result<org.jeecg.modules.system.entity.SysDepart> org.jeecg.modules.system.controller.SysDepartController.deleteBatch(java.lang.String)
2019-04-21 19:45:29.894 [restartedMain] INFO  o.s.w.s.m.m.a.RequestMappingHandlerMapping:547 - Mapped "{[/sysdepart/sysDepart/queryTreeList],methods=[GET]}" onto public org.jeecg.common.api.vo.Result<java.util.List<org.jeecg.modules.system.model.SysDepartTreeModel>> org.jeecg.modules.system.controller.SysDepartController.queryTreeList()
2019-04-21 19:45:29.894 [restartedMain] INFO  o.s.w.s.m.m.a.RequestMappingHandlerMapping:547 - Mapped "{[/sysdepart/sysDepart/searchBy],methods=[GET]}" onto public org.jeecg.common.api.vo.Result<java.util.List<org.jeecg.modules.system.model.SysDepartTreeModel>> org.jeecg.modules.system.controller.SysDepartController.searchBy(java.lang.String)
2019-04-21 19:45:29.911 [restartedMain] INFO  o.s.w.s.m.m.a.RequestMappingHandlerMapping:547 - Mapped "{[/sysdepart/sysDepart/queryIdTree],methods=[GET]}" onto public org.jeecg.common.api.vo.Result<java.util.List<org.jeecg.modules.system.model.DepartIdModel>> org.jeecg.modules.system.controller.SysDepartController.queryIdTree()
2019-04-21 19:45:29.912 [restartedMain] INFO  o.s.w.s.m.m.a.RequestMappingHandlerMapping:547 - Mapped "{[/sys/dict/add],methods=[POST]}" onto public org.jeecg.common.api.vo.Result<org.jeecg.modules.system.entity.SysDict> org.jeecg.modules.system.controller.SysDictController.add(org.jeecg.modules.system.entity.SysDict)
2019-04-21 19:45:29.912 [restartedMain] INFO  o.s.w.s.m.m.a.RequestMappingHandlerMapping:547 - Mapped "{[/sys/dict/delete],methods=[DELETE]}" onto public org.jeecg.common.api.vo.Result<org.jeecg.modules.system.entity.SysDict> org.jeecg.modules.system.controller.SysDictController.delete(java.lang.String)
2019-04-21 19:45:29.912 [restartedMain] INFO  o.s.w.s.m.m.a.RequestMappingHandlerMapping:547 - Mapped "{[/sys/dict/edit],methods=[PUT]}" onto public org.jeecg.common.api.vo.Result<org.jeecg.modules.system.entity.SysDict> org.jeecg.modules.system.controller.SysDictController.edit(org.jeecg.modules.system.entity.SysDict)
2019-04-21 19:45:29.912 [restartedMain] INFO  o.s.w.s.m.m.a.RequestMappingHandlerMapping:547 - Mapped "{[/sys/dict/deleteBatch],methods=[DELETE]}" onto public org.jeecg.common.api.vo.Result<org.jeecg.modules.system.entity.SysDict> org.jeecg.modules.system.controller.SysDictController.deleteBatch(java.lang.String)
2019-04-21 19:45:29.912 [restartedMain] INFO  o.s.w.s.m.m.a.RequestMappingHandlerMapping:547 - Mapped "{[/sys/dict/list],methods=[GET]}" onto public org.jeecg.common.api.vo.Result<com.baomidou.mybatisplus.core.metadata.IPage<org.jeecg.modules.system.entity.SysDict>> org.jeecg.modules.system.controller.SysDictController.queryPageList(org.jeecg.modules.system.entity.SysDict,java.lang.Integer,java.lang.Integer,javax.servlet.http.HttpServletRequest)
2019-04-21 19:45:29.912 [restartedMain] INFO  o.s.w.s.m.m.a.RequestMappingHandlerMapping:547 - Mapped "{[/sys/dict/treeList],methods=[GET]}" onto public org.jeecg.common.api.vo.Result<java.util.List<org.jeecg.modules.system.model.SysDictTree>> org.jeecg.modules.system.controller.SysDictController.treeList(org.jeecg.modules.system.entity.SysDict,java.lang.Integer,java.lang.Integer,javax.servlet.http.HttpServletRequest)
2019-04-21 19:45:29.912 [restartedMain] INFO  o.s.w.s.m.m.a.RequestMappingHandlerMapping:547 - Mapped "{[/sys/dict/getDictItems/{dictCode}],methods=[GET]}" onto public org.jeecg.common.api.vo.Result<java.util.List<java.util.Map<java.lang.String, java.lang.String>>> org.jeecg.modules.system.controller.SysDictController.getDictItems(java.lang.String)
2019-04-21 19:45:29.912 [restartedMain] INFO  o.s.w.s.m.m.a.RequestMappingHandlerMapping:547 - Mapped "{[/sys/dict/getDictText/{dictCode}/{key}],methods=[GET]}" onto public org.jeecg.common.api.vo.Result<java.lang.String> org.jeecg.modules.system.controller.SysDictController.getDictItems(java.lang.String,java.lang.String)
2019-04-21 19:45:29.912 [restartedMain] INFO  o.s.w.s.m.m.a.RequestMappingHandlerMapping:547 - Mapped "{[/sys/dictItem/add],methods=[POST]}" onto public org.jeecg.common.api.vo.Result<org.jeecg.modules.system.entity.SysDictItem> org.jeecg.modules.system.controller.SysDictItemController.add(org.jeecg.modules.system.entity.SysDictItem)
2019-04-21 19:45:29.912 [restartedMain] INFO  o.s.w.s.m.m.a.RequestMappingHandlerMapping:547 - Mapped "{[/sys/dictItem/delete],methods=[DELETE]}" onto public org.jeecg.common.api.vo.Result<org.jeecg.modules.system.entity.SysDictItem> org.jeecg.modules.system.controller.SysDictItemController.delete(java.lang.String)
2019-04-21 19:45:29.912 [restartedMain] INFO  o.s.w.s.m.m.a.RequestMappingHandlerMapping:547 - Mapped "{[/sys/dictItem/edit],methods=[PUT]}" onto public org.jeecg.common.api.vo.Result<org.jeecg.modules.system.entity.SysDictItem> org.jeecg.modules.system.controller.SysDictItemController.edit(org.jeecg.modules.system.entity.SysDictItem)
2019-04-21 19:45:29.928 [restartedMain] INFO  o.s.w.s.m.m.a.RequestMappingHandlerMapping:547 - Mapped "{[/sys/dictItem/deleteBatch],methods=[DELETE]}" onto public org.jeecg.common.api.vo.Result<org.jeecg.modules.system.entity.SysDictItem> org.jeecg.modules.system.controller.SysDictItemController.deleteBatch(java.lang.String)
2019-04-21 19:45:29.929 [restartedMain] INFO  o.s.w.s.m.m.a.RequestMappingHandlerMapping:547 - Mapped "{[/sys/dictItem/list],methods=[GET]}" onto public org.jeecg.common.api.vo.Result<com.baomidou.mybatisplus.core.metadata.IPage<org.jeecg.modules.system.entity.SysDictItem>> org.jeecg.modules.system.controller.SysDictItemController.queryPageList(org.jeecg.modules.system.entity.SysDictItem,java.lang.Integer,java.lang.Integer,javax.servlet.http.HttpServletRequest)
2019-04-21 19:45:29.930 [restartedMain] INFO  o.s.w.s.m.m.a.RequestMappingHandlerMapping:547 - Mapped "{[/sys/log/delete],methods=[DELETE]}" onto public org.jeecg.common.api.vo.Result<org.jeecg.modules.system.entity.SysLog> org.jeecg.modules.system.controller.SysLogController.delete(java.lang.String)
2019-04-21 19:45:29.930 [restartedMain] INFO  o.s.w.s.m.m.a.RequestMappingHandlerMapping:547 - Mapped "{[/sys/log/deleteBatch],methods=[DELETE]}" onto public org.jeecg.common.api.vo.Result<org.jeecg.modules.system.entity.SysRole> org.jeecg.modules.system.controller.SysLogController.deleteBatch(java.lang.String)
2019-04-21 19:45:29.930 [restartedMain] INFO  o.s.w.s.m.m.a.RequestMappingHandlerMapping:547 - Mapped "{[/sys/log/list],methods=[GET]}" onto public org.jeecg.common.api.vo.Result<com.baomidou.mybatisplus.core.metadata.IPage<org.jeecg.modules.system.entity.SysLog>> org.jeecg.modules.system.controller.SysLogController.queryPageList(org.jeecg.modules.system.entity.SysLog,java.lang.Integer,java.lang.Integer,javax.servlet.http.HttpServletRequest)
2019-04-21 19:45:29.930 [restartedMain] INFO  o.s.w.s.m.m.a.RequestMappingHandlerMapping:547 - Mapped "{[/sys/permission/add],methods=[POST]}" onto public org.jeecg.common.api.vo.Result<org.jeecg.modules.system.entity.SysPermission> org.jeecg.modules.system.controller.SysPermissionController.add(org.jeecg.modules.system.entity.SysPermission)
2019-04-21 19:45:29.930 [restartedMain] INFO  o.s.w.s.m.m.a.RequestMappingHandlerMapping:547 - Mapped "{[/sys/permission/delete],methods=[DELETE]}" onto public org.jeecg.common.api.vo.Result<org.jeecg.modules.system.entity.SysPermission> org.jeecg.modules.system.controller.SysPermissionController.delete(java.lang.String)
2019-04-21 19:45:29.930 [restartedMain] INFO  o.s.w.s.m.m.a.RequestMappingHandlerMapping:547 - Mapped "{[/sys/permission/list],methods=[GET]}" onto public org.jeecg.common.api.vo.Result<java.util.List<org.jeecg.modules.system.model.SysPermissionTree>> org.jeecg.modules.system.controller.SysPermissionController.list()
2019-04-21 19:45:29.930 [restartedMain] INFO  o.s.w.s.m.m.a.RequestMappingHandlerMapping:547 - Mapped "{[/sys/permission/edit],methods=[PUT || POST]}" onto public org.jeecg.common.api.vo.Result<org.jeecg.modules.system.entity.SysPermission> org.jeecg.modules.system.controller.SysPermissionController.eidt(org.jeecg.modules.system.entity.SysPermission)
2019-04-21 19:45:29.930 [restartedMain] INFO  o.s.w.s.m.m.a.RequestMappingHandlerMapping:547 - Mapped "{[/sys/permission/deleteBatch],methods=[DELETE]}" onto public org.jeecg.common.api.vo.Result<org.jeecg.modules.system.entity.SysPermission> org.jeecg.modules.system.controller.SysPermissionController.deleteBatch(java.lang.String)
2019-04-21 19:45:29.930 [restartedMain] INFO  o.s.w.s.m.m.a.RequestMappingHandlerMapping:547 - Mapped "{[/sys/permission/queryByUser],methods=[GET]}" onto public org.jeecg.common.api.vo.Result<com.alibaba.fastjson.JSONArray> org.jeecg.modules.system.controller.SysPermissionController.queryByUser(javax.servlet.http.HttpServletRequest)
2019-04-21 19:45:29.930 [restartedMain] INFO  o.s.w.s.m.m.a.RequestMappingHandlerMapping:547 - Mapped "{[/sys/permission/queryRolePermission],methods=[GET]}" onto public org.jeecg.common.api.vo.Result<java.util.List<java.lang.String>> org.jeecg.modules.system.controller.SysPermissionController.queryRolePermission(java.lang.String)
2019-04-21 19:45:29.951 [restartedMain] INFO  o.s.w.s.m.m.a.RequestMappingHandlerMapping:547 - Mapped "{[/sys/permission/saveRolePermission],methods=[POST]}" onto public org.jeecg.common.api.vo.Result<java.lang.String> org.jeecg.modules.system.controller.SysPermissionController.saveRolePermission(com.alibaba.fastjson.JSONObject)
2019-04-21 19:45:29.951 [restartedMain] INFO  o.s.w.s.m.m.a.RequestMappingHandlerMapping:547 - Mapped "{[/sys/permission/queryTreeList],methods=[GET]}" onto public org.jeecg.common.api.vo.Result<java.util.Map<java.lang.String, java.lang.Object>> org.jeecg.modules.system.controller.SysPermissionController.queryTreeList()
2019-04-21 19:45:29.952 [restartedMain] INFO  o.s.w.s.m.m.a.RequestMappingHandlerMapping:547 - Mapped "{[/sys/permission/queryListAsync],methods=[GET]}" onto public org.jeecg.common.api.vo.Result<java.util.List<org.jeecg.modules.system.model.TreeModel>> org.jeecg.modules.system.controller.SysPermissionController.queryAsync(java.lang.String)
2019-04-21 19:45:29.952 [restartedMain] INFO  o.s.w.s.m.m.a.RequestMappingHandlerMapping:547 - Mapped "{[/sys/role/add],methods=[POST]}" onto public org.jeecg.common.api.vo.Result<org.jeecg.modules.system.entity.SysRole> org.jeecg.modules.system.controller.SysRoleController.add(org.jeecg.modules.system.entity.SysRole)
2019-04-21 19:45:29.952 [restartedMain] INFO  o.s.w.s.m.m.a.RequestMappingHandlerMapping:547 - Mapped "{[/sys/role/delete],methods=[DELETE]}" onto public org.jeecg.common.api.vo.Result<org.jeecg.modules.system.entity.SysRole> org.jeecg.modules.system.controller.SysRoleController.delete(java.lang.String)
2019-04-21 19:45:29.952 [restartedMain] INFO  o.s.w.s.m.m.a.RequestMappingHandlerMapping:547 - Mapped "{[/sys/role/queryById],methods=[GET]}" onto public org.jeecg.common.api.vo.Result<org.jeecg.modules.system.entity.SysRole> org.jeecg.modules.system.controller.SysRoleController.queryById(java.lang.String)
2019-04-21 19:45:29.952 [restartedMain] INFO  o.s.w.s.m.m.a.RequestMappingHandlerMapping:547 - Mapped "{[/sys/role/edit],methods=[PUT]}" onto public org.jeecg.common.api.vo.Result<org.jeecg.modules.system.entity.SysRole> org.jeecg.modules.system.controller.SysRoleController.eidt(org.jeecg.modules.system.entity.SysRole)
2019-04-21 19:45:29.952 [restartedMain] INFO  o.s.w.s.m.m.a.RequestMappingHandlerMapping:547 - Mapped "{[/sys/role/deleteBatch],methods=[DELETE]}" onto public org.jeecg.common.api.vo.Result<org.jeecg.modules.system.entity.SysRole> org.jeecg.modules.system.controller.SysRoleController.deleteBatch(java.lang.String)
2019-04-21 19:45:29.952 [restartedMain] INFO  o.s.w.s.m.m.a.RequestMappingHandlerMapping:547 - Mapped "{[/sys/role/list],methods=[GET]}" onto public org.jeecg.common.api.vo.Result<com.baomidou.mybatisplus.core.metadata.IPage<org.jeecg.modules.system.entity.SysRole>> org.jeecg.modules.system.controller.SysRoleController.queryPageList(org.jeecg.modules.system.entity.SysRole,java.lang.Integer,java.lang.Integer,javax.servlet.http.HttpServletRequest)
2019-04-21 19:45:29.952 [restartedMain] INFO  o.s.w.s.m.m.a.RequestMappingHandlerMapping:547 - Mapped "{[/sys/role/checkRoleCode],methods=[GET]}" onto public org.jeecg.common.api.vo.Result<java.lang.Boolean> org.jeecg.modules.system.controller.SysRoleController.checkUsername(java.lang.String,java.lang.String)
2019-04-21 19:45:29.952 [restartedMain] INFO  o.s.w.s.m.m.a.RequestMappingHandlerMapping:547 - Mapped "{[/sys/role/queryall],methods=[GET]}" onto public org.jeecg.common.api.vo.Result<java.util.List<org.jeecg.modules.system.entity.SysRole>> org.jeecg.modules.system.controller.SysRoleController.queryall()
2019-04-21 19:45:29.952 [restartedMain] INFO  o.s.w.s.m.m.a.RequestMappingHandlerMapping:547 - Mapped "{[/sys/user/add],methods=[POST]}" onto public org.jeecg.common.api.vo.Result<org.jeecg.modules.system.entity.SysUser> org.jeecg.modules.system.controller.SysUserController.add(com.alibaba.fastjson.JSONObject)
2019-04-21 19:45:29.971 [restartedMain] INFO  o.s.w.s.m.m.a.RequestMappingHandlerMapping:547 - Mapped "{[/sys/user/delete],methods=[DELETE]}" onto public org.jeecg.common.api.vo.Result<org.jeecg.modules.system.entity.SysUser> org.jeecg.modules.system.controller.SysUserController.delete(java.lang.String)
2019-04-21 19:45:29.980 [restartedMain] INFO  o.s.w.s.m.m.a.RequestMappingHandlerMapping:547 - Mapped "{[/sys/user/queryById],methods=[GET]}" onto public org.jeecg.common.api.vo.Result<org.jeecg.modules.system.entity.SysUser> org.jeecg.modules.system.controller.SysUserController.queryById(java.lang.String)
2019-04-21 19:45:29.981 [restartedMain] INFO  o.s.w.s.m.m.a.RequestMappingHandlerMapping:547 - Mapped "{[/sys/user/edit],methods=[PUT]}" onto public org.jeecg.common.api.vo.Result<org.jeecg.modules.system.entity.SysUser> org.jeecg.modules.system.controller.SysUserController.eidt(com.alibaba.fastjson.JSONObject)
2019-04-21 19:45:29.981 [restartedMain] INFO  o.s.w.s.m.m.a.RequestMappingHandlerMapping:547 - Mapped "{[/sys/user/deleteBatch],methods=[DELETE]}" onto public org.jeecg.common.api.vo.Result<org.jeecg.modules.system.entity.SysUser> org.jeecg.modules.system.controller.SysUserController.deleteBatch(java.lang.String)
2019-04-21 19:45:29.981 [restartedMain] INFO  o.s.w.s.m.m.a.RequestMappingHandlerMapping:547 - Mapped "{[/sys/user/list],methods=[GET]}" onto public org.jeecg.common.api.vo.Result<com.baomidou.mybatisplus.core.metadata.IPage<org.jeecg.modules.system.entity.SysUser>> org.jeecg.modules.system.controller.SysUserController.queryPageList(org.jeecg.modules.system.entity.SysUser,java.lang.Integer,java.lang.Integer,javax.servlet.http.HttpServletRequest)
2019-04-21 19:45:29.981 [restartedMain] INFO  o.s.w.s.m.m.a.RequestMappingHandlerMapping:547 - Mapped "{[/sys/user/frozenBatch],methods=[POST || GET]}" onto public org.jeecg.common.api.vo.Result<org.jeecg.modules.system.entity.SysUser> org.jeecg.modules.system.controller.SysUserController.frozenBatch(java.lang.String,java.lang.String)
2019-04-21 19:45:29.981 [restartedMain] INFO  o.s.w.s.m.m.a.RequestMappingHandlerMapping:547 - Mapped "{[/sys/user/queryUserRole],methods=[GET]}" onto public org.jeecg.common.api.vo.Result<java.util.List<java.lang.String>> org.jeecg.modules.system.controller.SysUserController.queryUserRole(java.lang.String)
2019-04-21 19:45:29.981 [restartedMain] INFO  o.s.w.s.m.m.a.RequestMappingHandlerMapping:547 - Mapped "{[/sys/user/checkOnlyUser],methods=[GET]}" onto public org.jeecg.common.api.vo.Result<java.lang.Boolean> org.jeecg.modules.system.controller.SysUserController.checkUsername(org.jeecg.modules.system.entity.SysUser)
2019-04-21 19:45:29.981 [restartedMain] INFO  o.s.w.s.m.m.a.RequestMappingHandlerMapping:547 - Mapped "{[/sys/user/changPassword],methods=[PUT]}" onto public org.jeecg.common.api.vo.Result<org.jeecg.modules.system.entity.SysUser> org.jeecg.modules.system.controller.SysUserController.changPassword(org.jeecg.modules.system.entity.SysUser)
2019-04-21 19:45:29.981 [restartedMain] INFO  o.s.w.s.m.m.a.RequestMappingHandlerMapping:547 - Mapped "{[/swagger-resources]}" onto public org.springframework.http.ResponseEntity<java.util.List<springfox.documentation.swagger.web.SwaggerResource>> springfox.documentation.swagger.web.ApiResourceController.swaggerResources()
2019-04-21 19:45:29.981 [restartedMain] INFO  o.s.w.s.m.m.a.RequestMappingHandlerMapping:547 - Mapped "{[/swagger-resources/configuration/ui]}" onto public org.springframework.http.ResponseEntity<springfox.documentation.swagger.web.UiConfiguration> springfox.documentation.swagger.web.ApiResourceController.uiConfiguration()
2019-04-21 19:45:29.981 [restartedMain] INFO  o.s.w.s.m.m.a.RequestMappingHandlerMapping:547 - Mapped "{[/swagger-resources/configuration/security]}" onto public org.springframework.http.ResponseEntity<springfox.documentation.swagger.web.SecurityConfiguration> springfox.documentation.swagger.web.ApiResourceController.securityConfiguration()
2019-04-21 19:45:30.001 [restartedMain] INFO  o.s.w.s.m.m.a.RequestMappingHandlerMapping:547 - Mapped "{[/error]}" onto public org.springframework.http.ResponseEntity<java.util.Map<java.lang.String, java.lang.Object>> org.springframework.boot.autoconfigure.web.servlet.error.BasicErrorController.error(javax.servlet.http.HttpServletRequest)
2019-04-21 19:45:30.001 [restartedMain] INFO  o.s.w.s.m.m.a.RequestMappingHandlerMapping:547 - Mapped "{[/error],produces=[text/html]}" onto public org.springframework.web.servlet.ModelAndView org.springframework.boot.autoconfigure.web.servlet.error.BasicErrorController.errorHtml(javax.servlet.http.HttpServletRequest,javax.servlet.http.HttpServletResponse)
2019-04-21 19:45:30.448 [restartedMain] INFO  s.d.s.w.PropertySourcedRequestMappingHandlerMapping:69 - Mapped URL path [/v2/api-docs] onto method [public org.springframework.http.ResponseEntity<springfox.documentation.spring.web.json.Json> springfox.documentation.swagger2.web.Swagger2Controller.getDocumentation(java.lang.String,javax.servlet.http.HttpServletRequest)]
2019-04-21 19:45:30.706 [restartedMain] INFO  o.s.web.servlet.handler.SimpleUrlHandlerMapping:373 - Mapped URL path [/**/favicon.ico] onto handler of type [class org.springframework.web.servlet.resource.ResourceHttpRequestHandler]
2019-04-21 19:45:31.167 [restartedMain] INFO  o.s.w.s.m.m.a.RequestMappingHandlerAdapter:574 - Looking for @ControllerAdvice: org.springframework.boot.web.servlet.context.AnnotationConfigServletWebServerApplicationContext@15883f39: startup date [Sun Apr 21 19:45:11 CST 2019]; root of context hierarchy
2019-04-21 19:45:31.331 [restartedMain] INFO  o.s.web.servlet.handler.SimpleUrlHandlerMapping:373 - Mapped URL path [/webjars/**] onto handler of type [class org.springframework.web.servlet.resource.ResourceHttpRequestHandler]
2019-04-21 19:45:31.331 [restartedMain] INFO  o.s.web.servlet.handler.SimpleUrlHandlerMapping:373 - Mapped URL path [/**] onto handler of type [class org.springframework.web.servlet.resource.ResourceHttpRequestHandler]
2019-04-21 19:45:31.331 [restartedMain] INFO  o.s.web.servlet.handler.SimpleUrlHandlerMapping:373 - Mapped URL path [/swagger-ui.html] onto handler of type [class org.springframework.web.servlet.resource.ResourceHttpRequestHandler]
2019-04-21 19:45:31.374 [restartedMain] INFO  o.s.w.s.m.m.a.ExceptionHandlerExceptionResolver:288 - Detected @ExceptionHandler methods in jeecgBootExceptionHandler
2019-04-21 19:45:32.746 [restartedMain] INFO  o.s.w.servlet.view.freemarker.FreeMarkerConfigurer:131 - ClassTemplateLoader for Spring macros added to FreeMarker configuration
2019-04-21 19:45:33.385 [restartedMain] INFO  o.s.b.d.autoconfigure.OptionalLiveReloadServer:57 - LiveReload server is running on port 35729
2019-04-21 19:45:33.484 [restartedMain] INFO  o.s.jmx.export.annotation.AnnotationMBeanExporter:433 - Registering beans for JMX exposure on startup
2019-04-21 19:45:33.504 [restartedMain] INFO  o.s.jmx.export.annotation.AnnotationMBeanExporter:895 - Bean with name 'statFilter' has been autodetected for JMX exposure
2019-04-21 19:45:33.507 [restartedMain] INFO  o.s.jmx.export.annotation.AnnotationMBeanExporter:668 - Located MBean 'statFilter': registering with JMX server as MBean [com.alibaba.druid.filter.stat:name=statFilter,type=StatFilter]
2019-04-21 19:45:33.526 [restartedMain] INFO  o.s.context.support.DefaultLifecycleProcessor:351 - Starting beans in phase 2147483647
2019-04-21 19:45:33.527 [restartedMain] INFO  s.d.s.web.plugins.DocumentationPluginsBootstrapper:160 - Context refreshed
2019-04-21 19:45:33.566 [restartedMain] INFO  s.d.s.web.plugins.DocumentationPluginsBootstrapper:163 - Found 1 custom documentation plugin(s)
2019-04-21 19:45:33.633 [restartedMain] INFO  s.d.spring.web.scanners.ApiListingReferenceScanner:41 - Scanning for api listing references
2019-04-21 19:45:34.559 [restartedMain] INFO  s.d.s.w.r.operation.CachingOperationNameGenerator:40 - Generating unique operation named: loginUsingPOST_1
2019-04-21 19:45:34.596 [restartedMain] INFO  o.s.scheduling.quartz.SchedulerFactoryBean:700 - Starting Quartz Scheduler now
2019-04-21 19:45:34.866 [restartedMain] INFO  o.s.scheduling.quartz.LocalDataSourceJobStore:866 - Freed 0 triggers from 'acquired' / 'blocked' state.
2019-04-21 19:45:34.878 [restartedMain] INFO  o.s.scheduling.quartz.LocalDataSourceJobStore:876 - Recovering 0 jobs that were in-progress at the time of the last shut-down.
2019-04-21 19:45:34.878 [restartedMain] INFO  o.s.scheduling.quartz.LocalDataSourceJobStore:889 - Recovery complete.
2019-04-21 19:45:34.881 [restartedMain] INFO  o.s.scheduling.quartz.LocalDataSourceJobStore:896 - Removed 0 'complete' triggers.
2019-04-21 19:45:34.882 [restartedMain] INFO  o.s.scheduling.quartz.LocalDataSourceJobStore:901 - Removed 0 stale fired job entries.
2019-04-21 19:45:34.898 [restartedMain] INFO  org.quartz.core.QuartzScheduler:547 - Scheduler quartzScheduler_$_NON_CLUSTERED started.
2019-04-21 19:45:34.929 [restartedMain] INFO  org.apache.coyote.http11.Http11NioProtocol:180 - Starting ProtocolHandler ["http-nio-8080"]
2019-04-21 19:45:34.949 [restartedMain] INFO  org.apache.tomcat.util.net.NioSelectorPool:180 - Using a shared selector for servlet write/read
2019-04-21 19:45:35.001 [restartedMain] INFO  o.s.boot.web.embedded.tomcat.TomcatWebServer:206 - Tomcat started on port(s): 8080 (http) with context path '/jeecg-boot'
2019-04-21 19:45:35.009 [restartedMain] INFO  org.jeecg.JeecgApplication:59 - Started JeecgApplication in 24.541 seconds (JVM running for 31.612)
2019-04-21 19:48:09.549 [http-nio-8080-exec-1] INFO  o.a.c.c.C.[Tomcat].[localhost].[/jeecg-boot]:180 - Initializing Spring FrameworkServlet 'dispatcherServlet'
2019-04-21 19:48:09.550 [http-nio-8080-exec-1] INFO  org.springframework.web.servlet.DispatcherServlet:494 - FrameworkServlet 'dispatcherServlet': initialization started
2019-04-21 19:48:09.610 [http-nio-8080-exec-1] INFO  org.springframework.web.servlet.DispatcherServlet:509 - FrameworkServlet 'dispatcherServlet': initialization completed in 47 ms
