2019-04-13 11:36:35.715 [restartedMain] INFO  org.jeecg.JeecgApplication:50 - Starting JeecgApplication on timsaid with PID 16216 (C:\WorkSpace\IdeaSpace\jeecg-boot\jeecg-boot\target\classes started by timsaid in C:\WorkSpace\IdeaSpace\jeecg-boot)
2019-04-13 11:36:35.719 [restartedMain] INFO  org.jeecg.JeecgApplication:659 - No active profile set, falling back to default profiles: default
2019-04-13 11:36:35.848 [restartedMain] INFO  o.s.b.w.s.c.AnnotationConfigServletWebServerApplicationContext:590 - Refreshing org.springframework.boot.web.servlet.context.AnnotationConfigServletWebServerApplicationContext@35d0a1e8: startup date [Sat Apr 13 11:36:35 CST 2019]; root of context hierarchy
2019-04-13 11:36:38.412 [restartedMain] INFO  o.s.d.r.config.RepositoryConfigurationDelegate:163 - Multiple Spring Data modules found, entering strict repository configuration mode!
2019-04-13 11:36:38.766 [restartedMain] INFO  o.s.c.s.PostProcessorRegistrationDelegate$BeanPostProcessorChecker:328 - Bean 'shiroConfig' of type [org.jeecg.config.ShiroConfig$$EnhancerBySpringCGLIB$$32795b8d] is not eligible for getting processed by all BeanPostProcessors (for example: not eligible for auto-proxying)
2019-04-13 11:36:38.855 [restartedMain] INFO  o.s.c.s.PostProcessorRegistrationDelegate$BeanPostProcessorChecker:328 - Bean 'org.springframework.boot.context.properties.ConversionServiceDeducer$Factory' of type [org.springframework.boot.context.properties.ConversionServiceDeducer$Factory] is not eligible for getting processed by all BeanPostProcessors (for example: not eligible for auto-proxying)
2019-04-13 11:36:38.861 [restartedMain] INFO  o.s.c.s.PostProcessorRegistrationDelegate$BeanPostProcessorChecker:328 - Bean 'mybatis-plus-com.baomidou.mybatisplus.autoconfigure.MybatisPlusProperties' of type [com.baomidou.mybatisplus.autoconfigure.MybatisPlusProperties] is not eligible for getting processed by all BeanPostProcessors (for example: not eligible for auto-proxying)
2019-04-13 11:36:38.867 [restartedMain] INFO  o.s.c.s.PostProcessorRegistrationDelegate$BeanPostProcessorChecker:328 - Bean 'mybatisInterceptor' of type [org.jeecg.config.mybatis.MybatisInterceptor] is not eligible for getting processed by all BeanPostProcessors (for example: not eligible for auto-proxying)
2019-04-13 11:36:38.876 [restartedMain] INFO  o.s.c.s.PostProcessorRegistrationDelegate$BeanPostProcessorChecker:328 - Bean 'mybatisPlusConfig' of type [org.jeecg.config.MybatisPlusConfig$$EnhancerBySpringCGLIB$$622bcfa9] is not eligible for getting processed by all BeanPostProcessors (for example: not eligible for auto-proxying)
2019-04-13 11:36:38.887 [restartedMain] INFO  o.s.c.s.PostProcessorRegistrationDelegate$BeanPostProcessorChecker:328 - Bean 'paginationInterceptor' of type [com.baomidou.mybatisplus.extension.plugins.PaginationInterceptor] is not eligible for getting processed by all BeanPostProcessors (for example: not eligible for auto-proxying)
2019-04-13 11:36:38.895 [restartedMain] INFO  o.s.c.s.PostProcessorRegistrationDelegate$BeanPostProcessorChecker:328 - Bean 'com.baomidou.mybatisplus.autoconfigure.MybatisPlusAutoConfiguration' of type [com.baomidou.mybatisplus.autoconfigure.MybatisPlusAutoConfiguration$$EnhancerBySpringCGLIB$$503c5e91] is not eligible for getting processed by all BeanPostProcessors (for example: not eligible for auto-proxying)
2019-04-13 11:36:38.919 [restartedMain] INFO  o.s.c.s.PostProcessorRegistrationDelegate$BeanPostProcessorChecker:328 - Bean 'spring.datasource.dynamic-com.baomidou.dynamic.datasource.spring.boot.autoconfigure.DynamicDataSourceProperties' of type [com.baomidou.dynamic.datasource.spring.boot.autoconfigure.DynamicDataSourceProperties] is not eligible for getting processed by all BeanPostProcessors (for example: not eligible for auto-proxying)
2019-04-13 11:36:38.924 [restartedMain] INFO  o.s.c.s.PostProcessorRegistrationDelegate$BeanPostProcessorChecker:328 - Bean 'com.baomidou.dynamic.datasource.spring.boot.autoconfigure.DynamicDataSourceAutoConfiguration' of type [com.baomidou.dynamic.datasource.spring.boot.autoconfigure.DynamicDataSourceAutoConfiguration$$EnhancerBySpringCGLIB$$7c0262c8] is not eligible for getting processed by all BeanPostProcessors (for example: not eligible for auto-proxying)
2019-04-13 11:36:38.937 [restartedMain] INFO  c.b.dynamic.datasource.DynamicDataSourceCreator:101 - 动态数据源-检测到druid存在,如配置中未指定type,druid会默认配置
2019-04-13 11:36:38.939 [restartedMain] INFO  o.s.c.s.PostProcessorRegistrationDelegate$BeanPostProcessorChecker:328 - Bean 'dynamicDataSourceCreator' of type [com.baomidou.dynamic.datasource.DynamicDataSourceCreator] is not eligible for getting processed by all BeanPostProcessors (for example: not eligible for auto-proxying)
2019-04-13 11:36:38.942 [restartedMain] INFO  o.s.c.s.PostProcessorRegistrationDelegate$BeanPostProcessorChecker:328 - Bean 'dynamicDataSourceProvider' of type [com.baomidou.dynamic.datasource.provider.YmlDynamicDataSourceProvider] is not eligible for getting processed by all BeanPostProcessors (for example: not eligible for auto-proxying)
2019-04-13 11:36:39.220 [restartedMain] INFO  com.alibaba.druid.pool.DruidDataSource:930 - {dataSource-1,master} inited
2019-04-13 11:36:39.221 [restartedMain] INFO  c.b.dynamic.datasource.DynamicRoutingDataSource:153 - 初始共加载 1 个数据源
2019-04-13 11:36:39.222 [restartedMain] INFO  c.b.dynamic.datasource.DynamicRoutingDataSource:127 - 动态数据源-加载 master 成功
2019-04-13 11:36:39.222 [restartedMain] INFO  c.b.dynamic.datasource.DynamicRoutingDataSource:162 - 当前的默认数据源是单数据源，数据源名为 master
2019-04-13 11:36:39.227 [restartedMain] INFO  o.s.c.s.PostProcessorRegistrationDelegate$BeanPostProcessorChecker:328 - Bean 'dataSource' of type [com.baomidou.dynamic.datasource.DynamicRoutingDataSource] is not eligible for getting processed by all BeanPostProcessors (for example: not eligible for auto-proxying)
2019-04-13 11:36:39.846 [restartedMain] INFO  o.s.c.s.PostProcessorRegistrationDelegate$BeanPostProcessorChecker:328 - Bean 'sqlSessionFactory' of type [org.apache.ibatis.session.defaults.DefaultSqlSessionFactory] is not eligible for getting processed by all BeanPostProcessors (for example: not eligible for auto-proxying)
2019-04-13 11:36:39.856 [restartedMain] INFO  o.s.c.s.PostProcessorRegistrationDelegate$BeanPostProcessorChecker:328 - Bean 'sqlSessionTemplate' of type [org.mybatis.spring.SqlSessionTemplate] is not eligible for getting processed by all BeanPostProcessors (for example: not eligible for auto-proxying)
2019-04-13 11:36:39.857 [restartedMain] INFO  o.s.c.s.PostProcessorRegistrationDelegate$BeanPostProcessorChecker:328 - Bean 'sysPermissionMapper' of type [org.mybatis.spring.mapper.MapperFactoryBean] is not eligible for getting processed by all BeanPostProcessors (for example: not eligible for auto-proxying)
2019-04-13 11:36:39.864 [restartedMain] INFO  o.s.c.s.PostProcessorRegistrationDelegate$BeanPostProcessorChecker:328 - Bean 'sysPermissionMapper' of type [com.sun.proxy.$Proxy88] is not eligible for getting processed by all BeanPostProcessors (for example: not eligible for auto-proxying)
2019-04-13 11:36:39.867 [restartedMain] INFO  o.s.c.s.PostProcessorRegistrationDelegate$BeanPostProcessorChecker:328 - Bean 'sysPermissionServiceImpl' of type [org.jeecg.modules.system.service.impl.SysPermissionServiceImpl] is not eligible for getting processed by all BeanPostProcessors (for example: not eligible for auto-proxying)
2019-04-13 11:36:39.875 [restartedMain] INFO  o.s.c.s.PostProcessorRegistrationDelegate$BeanPostProcessorChecker:328 - Bean 'sysUserMapper' of type [org.mybatis.spring.mapper.MapperFactoryBean] is not eligible for getting processed by all BeanPostProcessors (for example: not eligible for auto-proxying)
2019-04-13 11:36:39.876 [restartedMain] INFO  o.s.c.s.PostProcessorRegistrationDelegate$BeanPostProcessorChecker:328 - Bean 'sysUserMapper' of type [com.sun.proxy.$Proxy90] is not eligible for getting processed by all BeanPostProcessors (for example: not eligible for auto-proxying)
2019-04-13 11:36:39.892 [restartedMain] INFO  o.s.c.s.PostProcessorRegistrationDelegate$BeanPostProcessorChecker:328 - Bean 'sysUserRoleMapper' of type [org.mybatis.spring.mapper.MapperFactoryBean] is not eligible for getting processed by all BeanPostProcessors (for example: not eligible for auto-proxying)
2019-04-13 11:36:39.893 [restartedMain] INFO  o.s.c.s.PostProcessorRegistrationDelegate$BeanPostProcessorChecker:328 - Bean 'sysUserRoleMapper' of type [com.sun.proxy.$Proxy91] is not eligible for getting processed by all BeanPostProcessors (for example: not eligible for auto-proxying)
2019-04-13 11:36:39.893 [restartedMain] INFO  o.s.c.s.PostProcessorRegistrationDelegate$BeanPostProcessorChecker:328 - Bean 'sysUserServiceImpl' of type [org.jeecg.modules.system.service.impl.SysUserServiceImpl] is not eligible for getting processed by all BeanPostProcessors (for example: not eligible for auto-proxying)
2019-04-13 11:36:39.897 [restartedMain] INFO  o.s.c.s.PostProcessorRegistrationDelegate$BeanPostProcessorChecker:328 - Bean 'org.springframework.boot.autoconfigure.data.redis.RedisAutoConfiguration' of type [org.springframework.boot.autoconfigure.data.redis.RedisAutoConfiguration$$EnhancerBySpringCGLIB$$80b1d33] is not eligible for getting processed by all BeanPostProcessors (for example: not eligible for auto-proxying)
2019-04-13 11:36:39.912 [restartedMain] INFO  o.s.c.s.PostProcessorRegistrationDelegate$BeanPostProcessorChecker:328 - Bean 'spring.redis-org.springframework.boot.autoconfigure.data.redis.RedisProperties' of type [org.springframework.boot.autoconfigure.data.redis.RedisProperties] is not eligible for getting processed by all BeanPostProcessors (for example: not eligible for auto-proxying)
2019-04-13 11:36:39.919 [restartedMain] INFO  o.s.c.s.PostProcessorRegistrationDelegate$BeanPostProcessorChecker:328 - Bean 'org.springframework.boot.autoconfigure.data.redis.LettuceConnectionConfiguration' of type [org.springframework.boot.autoconfigure.data.redis.LettuceConnectionConfiguration$$EnhancerBySpringCGLIB$$278db041] is not eligible for getting processed by all BeanPostProcessors (for example: not eligible for auto-proxying)
2019-04-13 11:36:40.010 [restartedMain] INFO  o.s.c.s.PostProcessorRegistrationDelegate$BeanPostProcessorChecker:328 - Bean 'lettuceClientResources' of type [io.lettuce.core.resource.DefaultClientResources] is not eligible for getting processed by all BeanPostProcessors (for example: not eligible for auto-proxying)
2019-04-13 11:36:40.102 [restartedMain] INFO  o.s.c.s.PostProcessorRegistrationDelegate$BeanPostProcessorChecker:328 - Bean 'redisConnectionFactory' of type [org.springframework.data.redis.connection.lettuce.LettuceConnectionFactory] is not eligible for getting processed by all BeanPostProcessors (for example: not eligible for auto-proxying)
2019-04-13 11:36:40.126 [restartedMain] INFO  o.s.c.s.PostProcessorRegistrationDelegate$BeanPostProcessorChecker:328 - Bean 'stringRedisTemplate' of type [org.springframework.data.redis.core.StringRedisTemplate] is not eligible for getting processed by all BeanPostProcessors (for example: not eligible for auto-proxying)
2019-04-13 11:36:40.138 [restartedMain] INFO  o.s.c.s.PostProcessorRegistrationDelegate$BeanPostProcessorChecker:328 - Bean 'redisConfig' of type [org.jeecg.config.RedisConfig$$EnhancerBySpringCGLIB$$7d47e2d7] is not eligible for getting processed by all BeanPostProcessors (for example: not eligible for auto-proxying)
2019-04-13 11:36:40.151 [restartedMain] INFO  o.s.c.s.PostProcessorRegistrationDelegate$BeanPostProcessorChecker:328 - Bean 'redisTemplate' of type [org.springframework.data.redis.core.RedisTemplate] is not eligible for getting processed by all BeanPostProcessors (for example: not eligible for auto-proxying)
2019-04-13 11:36:40.152 [restartedMain] INFO  o.s.c.s.PostProcessorRegistrationDelegate$BeanPostProcessorChecker:328 - Bean 'redisUtil' of type [org.jeecg.common.util.RedisUtil] is not eligible for getting processed by all BeanPostProcessors (for example: not eligible for auto-proxying)
2019-04-13 11:36:40.153 [restartedMain] INFO  o.s.c.s.PostProcessorRegistrationDelegate$BeanPostProcessorChecker:328 - Bean 'myRealm' of type [org.jeecg.modules.shiro.authc.MyRealm] is not eligible for getting processed by all BeanPostProcessors (for example: not eligible for auto-proxying)
2019-04-13 11:36:40.633 [restartedMain] INFO  o.s.c.s.PostProcessorRegistrationDelegate$BeanPostProcessorChecker:328 - Bean 'securityManager' of type [org.apache.shiro.web.mgt.DefaultWebSecurityManager] is not eligible for getting processed by all BeanPostProcessors (for example: not eligible for auto-proxying)
2019-04-13 11:36:40.681 [restartedMain] INFO  o.s.c.s.PostProcessorRegistrationDelegate$BeanPostProcessorChecker:328 - Bean 'authorizationAttributeSourceAdvisor' of type [org.apache.shiro.spring.security.interceptor.AuthorizationAttributeSourceAdvisor] is not eligible for getting processed by all BeanPostProcessors (for example: not eligible for auto-proxying)
2019-04-13 11:36:40.721 [restartedMain] INFO  o.s.c.s.PostProcessorRegistrationDelegate$BeanPostProcessorChecker:328 - Bean 'org.springframework.transaction.annotation.ProxyTransactionManagementConfiguration' of type [org.springframework.transaction.annotation.ProxyTransactionManagementConfiguration$$EnhancerBySpringCGLIB$$1273f1f7] is not eligible for getting processed by all BeanPostProcessors (for example: not eligible for auto-proxying)
2019-04-13 11:36:40.836 [restartedMain] INFO  o.s.c.s.PostProcessorRegistrationDelegate$BeanPostProcessorChecker:328 - Bean 'dsProcessor' of type [com.baomidou.dynamic.datasource.processor.DsHeaderProcessor] is not eligible for getting processed by all BeanPostProcessors (for example: not eligible for auto-proxying)
2019-04-13 11:36:40.843 [restartedMain] INFO  o.s.c.s.PostProcessorRegistrationDelegate$BeanPostProcessorChecker:328 - Bean 'dynamicDatasourceAnnotationAdvisor' of type [com.baomidou.dynamic.datasource.aop.DynamicDataSourceAnnotationAdvisor] is not eligible for getting processed by all BeanPostProcessors (for example: not eligible for auto-proxying)
2019-04-13 11:36:40.849 [restartedMain] INFO  o.s.c.s.PostProcessorRegistrationDelegate$BeanPostProcessorChecker:328 - Bean 'keyGenerator' of type [org.jeecg.config.RedisConfig$1] is not eligible for getting processed by all BeanPostProcessors (for example: not eligible for auto-proxying)
2019-04-13 11:36:40.884 [restartedMain] INFO  o.s.c.s.PostProcessorRegistrationDelegate$BeanPostProcessorChecker:328 - Bean 'org.apache.shiro.spring.boot.autoconfigure.ShiroBeanAutoConfiguration' of type [org.apache.shiro.spring.boot.autoconfigure.ShiroBeanAutoConfiguration$$EnhancerBySpringCGLIB$$258ccfa7] is not eligible for getting processed by all BeanPostProcessors (for example: not eligible for auto-proxying)
2019-04-13 11:36:40.892 [restartedMain] INFO  o.s.c.s.PostProcessorRegistrationDelegate$BeanPostProcessorChecker:328 - Bean 'eventBus' of type [org.apache.shiro.event.support.DefaultEventBus] is not eligible for getting processed by all BeanPostProcessors (for example: not eligible for auto-proxying)
2019-04-13 11:36:41.241 [restartedMain] INFO  o.s.boot.web.embedded.tomcat.TomcatWebServer:91 - Tomcat initialized with port(s): 8080 (http)
2019-04-13 11:36:41.255 [restartedMain] INFO  org.apache.coyote.http11.Http11NioProtocol:180 - Initializing ProtocolHandler ["http-nio-8080"]
2019-04-13 11:36:41.264 [restartedMain] INFO  org.apache.catalina.core.StandardService:180 - Starting service [Tomcat]
2019-04-13 11:36:41.270 [restartedMain] INFO  org.apache.catalina.core.StandardEngine:180 - Starting Servlet Engine: Apache Tomcat/8.5.31
2019-04-13 11:36:41.274 [localhost-startStop-1] INFO  org.apache.catalina.core.AprLifecycleListener:180 - Loaded APR based Apache Tomcat Native library [1.2.17] using APR version [1.6.3].
2019-04-13 11:36:41.274 [localhost-startStop-1] INFO  org.apache.catalina.core.AprLifecycleListener:180 - APR capabilities: IPv6 [true], sendfile [true], accept filters [false], random [true].
2019-04-13 11:36:41.274 [localhost-startStop-1] INFO  org.apache.catalina.core.AprLifecycleListener:180 - APR/OpenSSL configuration: useAprConnector [false], useOpenSSL [true]
2019-04-13 11:36:42.341 [localhost-startStop-1] INFO  org.apache.catalina.core.AprLifecycleListener:180 - OpenSSL successfully initialized [OpenSSL 1.0.2o  27 Mar 2018]
2019-04-13 11:36:42.441 [localhost-startStop-1] INFO  o.a.c.c.C.[Tomcat].[localhost].[/jeecg-boot]:180 - Initializing Spring embedded WebApplicationContext
2019-04-13 11:36:42.446 [localhost-startStop-1] INFO  org.springframework.web.context.ContextLoader:285 - Root WebApplicationContext: initialization completed in 6598 ms
2019-04-13 11:36:42.673 [localhost-startStop-1] INFO  o.s.boot.web.servlet.ServletRegistrationBean:186 - Servlet dispatcherServlet mapped to [/]
2019-04-13 11:36:42.679 [localhost-startStop-1] INFO  o.s.boot.web.servlet.ServletRegistrationBean:186 - Servlet statViewServlet mapped to [/druid/*]
2019-04-13 11:36:42.682 [localhost-startStop-1] INFO  o.s.boot.web.servlet.FilterRegistrationBean:245 - Mapping filter: 'characterEncodingFilter' to: [/*]
2019-04-13 11:36:42.687 [localhost-startStop-1] INFO  o.s.boot.web.servlet.FilterRegistrationBean:245 - Mapping filter: 'hiddenHttpMethodFilter' to: [/*]
2019-04-13 11:36:42.687 [localhost-startStop-1] INFO  o.s.boot.web.servlet.FilterRegistrationBean:245 - Mapping filter: 'httpPutFormContentFilter' to: [/*]
2019-04-13 11:36:42.692 [localhost-startStop-1] INFO  o.s.boot.web.servlet.FilterRegistrationBean:245 - Mapping filter: 'requestContextFilter' to: [/*]
2019-04-13 11:36:42.692 [localhost-startStop-1] INFO  o.s.boot.web.servlet.FilterRegistrationBean:258 - Mapping filter: 'webStatFilter' to urls: [/*]
2019-04-13 11:36:42.693 [localhost-startStop-1] INFO  o.s.boot.web.servlet.FilterRegistrationBean:245 - Mapping filter: 'shiroFilter' to: [/*]
2019-04-13 11:36:42.693 [localhost-startStop-1] INFO  o.s.boot.web.servlet.FilterRegistrationBean:245 - Mapping filter: 'corsFilter' to: [/*]
2019-04-13 11:36:43.112 [restartedMain] INFO  org.quartz.impl.StdSchedulerFactory:1208 - Using default implementation for ThreadExecutor
2019-04-13 11:36:43.120 [restartedMain] INFO  org.quartz.core.SchedulerSignalerImpl:61 - Initialized Scheduler Signaller of type: class org.quartz.core.SchedulerSignalerImpl
2019-04-13 11:36:43.120 [restartedMain] INFO  org.quartz.core.QuartzScheduler:229 - Quartz Scheduler v.2.3.0 created.
2019-04-13 11:36:43.123 [restartedMain] INFO  o.s.scheduling.quartz.LocalDataSourceJobStore:672 - Using db table-based data access locking (synchronization).
2019-04-13 11:36:43.130 [restartedMain] INFO  o.s.scheduling.quartz.LocalDataSourceJobStore:145 - JobStoreCMT initialized.
2019-04-13 11:36:43.130 [restartedMain] INFO  org.quartz.core.QuartzScheduler:294 - Scheduler meta-data: Quartz Scheduler (v2.3.0) 'quartzScheduler' with instanceId 'NON_CLUSTERED'
  Scheduler class: 'org.quartz.core.QuartzScheduler' - running locally.
  NOT STARTED.
  Currently in standby mode.
  Number of jobs executed: 0
  Using thread pool 'org.quartz.simpl.SimpleThreadPool' - with 10 threads.
  Using job-store 'org.springframework.scheduling.quartz.LocalDataSourceJobStore' - which supports persistence. and is not clustered.

2019-04-13 11:36:43.131 [restartedMain] INFO  org.quartz.impl.StdSchedulerFactory:1362 - Quartz scheduler 'quartzScheduler' initialized from an externally provided properties instance.
2019-04-13 11:36:43.131 [restartedMain] INFO  org.quartz.impl.StdSchedulerFactory:1366 - Quartz scheduler version: 2.3.0
2019-04-13 11:36:43.131 [restartedMain] INFO  org.quartz.core.QuartzScheduler:2287 - JobFactory set to: org.springframework.boot.autoconfigure.quartz.AutowireCapableBeanJobFactory@1ccc4d66
2019-04-13 11:36:43.947 [restartedMain] INFO  o.s.w.s.m.m.a.RequestMappingHandlerMapping:547 - Mapped "{[/sys/common/view/**],methods=[GET]}" onto public void org.jeecg.common.system.controller.CommonController.view(javax.servlet.http.HttpServletRequest,javax.servlet.http.HttpServletResponse)
2019-04-13 11:36:43.959 [restartedMain] INFO  o.s.w.s.m.m.a.RequestMappingHandlerMapping:547 - Mapped "{[/sys/common/upload],methods=[POST]}" onto public org.jeecg.common.api.vo.Result<org.jeecg.modules.system.entity.SysUser> org.jeecg.common.system.controller.CommonController.upload(javax.servlet.http.HttpServletRequest,javax.servlet.http.HttpServletResponse)
2019-04-13 11:36:43.962 [restartedMain] INFO  o.s.w.s.m.m.a.RequestMappingHandlerMapping:547 - Mapped "{[/api/permission],methods=[GET]}" onto public java.lang.String org.jeecg.modules.demo.mock.MockController.permission()
2019-04-13 11:36:43.971 [restartedMain] INFO  o.s.w.s.m.m.a.RequestMappingHandlerMapping:547 - Mapped "{[/api/role],methods=[GET]}" onto public java.lang.String org.jeecg.modules.demo.mock.MockController.role()
2019-04-13 11:36:43.972 [restartedMain] INFO  o.s.w.s.m.m.a.RequestMappingHandlerMapping:547 - Mapped "{[/api/user],methods=[GET]}" onto public java.lang.String org.jeecg.modules.demo.mock.MockController.user()
2019-04-13 11:36:43.973 [restartedMain] INFO  o.s.w.s.m.m.a.RequestMappingHandlerMapping:547 - Mapped "{[/api/service],methods=[GET]}" onto public java.lang.String org.jeecg.modules.demo.mock.MockController.service()
2019-04-13 11:36:43.973 [restartedMain] INFO  o.s.w.s.m.m.a.RequestMappingHandlerMapping:547 - Mapped "{[/api/permission/no-pager],methods=[GET]}" onto public java.lang.String org.jeecg.modules.demo.mock.MockController.permission_no_page()
2019-04-13 11:36:43.979 [restartedMain] INFO  o.s.w.s.m.m.a.RequestMappingHandlerMapping:547 - Mapped "{[/api/workplace/teams],methods=[GET]}" onto public java.lang.String org.jeecg.modules.demo.mock.MockController.teams()
2019-04-13 11:36:43.979 [restartedMain] INFO  o.s.w.s.m.m.a.RequestMappingHandlerMapping:547 - Mapped "{[/api/workplace/radar],methods=[GET]}" onto public java.lang.String org.jeecg.modules.demo.mock.MockController.radar()
2019-04-13 11:36:43.980 [restartedMain] INFO  o.s.w.s.m.m.a.RequestMappingHandlerMapping:547 - Mapped "{[/api/workplace/activity],methods=[GET]}" onto public java.lang.String org.jeecg.modules.demo.mock.MockController.activity()
2019-04-13 11:36:43.980 [restartedMain] INFO  o.s.w.s.m.m.a.RequestMappingHandlerMapping:547 - Mapped "{[/api/list/search/projects],methods=[GET]}" onto public java.lang.String org.jeecg.modules.demo.mock.MockController.projects()
2019-04-13 11:36:43.986 [restartedMain] INFO  o.s.w.s.m.m.a.RequestMappingHandlerMapping:547 - Mapped "{[/auto/cgform/list],methods=[GET]}" onto public org.springframework.web.servlet.ModelAndView org.jeecg.modules.demo.test.controller.AutoController.list(javax.servlet.http.HttpServletRequest,javax.servlet.http.HttpServletResponse,org.springframework.web.servlet.ModelAndView)
2019-04-13 11:36:43.995 [restartedMain] INFO  o.s.w.s.m.m.a.RequestMappingHandlerMapping:547 - Mapped "{[/test/jeecgDemo/add],methods=[POST]}" onto public org.jeecg.common.api.vo.Result<org.jeecg.modules.demo.test.entity.JeecgDemo> org.jeecg.modules.demo.test.controller.JeecgDemoController.add(org.jeecg.modules.demo.test.entity.JeecgDemo)
2019-04-13 11:36:43.996 [restartedMain] INFO  o.s.w.s.m.m.a.RequestMappingHandlerMapping:547 - Mapped "{[/test/jeecgDemo/delete],methods=[DELETE]}" onto public org.jeecg.common.api.vo.Result<org.jeecg.modules.demo.test.entity.JeecgDemo> org.jeecg.modules.demo.test.controller.JeecgDemoController.delete(java.lang.String)
2019-04-13 11:36:43.997 [restartedMain] INFO  o.s.w.s.m.m.a.RequestMappingHandlerMapping:547 - Mapped "{[/test/jeecgDemo/list],methods=[GET]}" onto public org.jeecg.common.api.vo.Result<com.baomidou.mybatisplus.core.metadata.IPage<org.jeecg.modules.demo.test.entity.JeecgDemo>> org.jeecg.modules.demo.test.controller.JeecgDemoController.list(org.jeecg.modules.demo.test.entity.JeecgDemo,java.lang.Integer,java.lang.Integer,javax.servlet.http.HttpServletRequest)
2019-04-13 11:36:43.998 [restartedMain] INFO  o.s.w.s.m.m.a.RequestMappingHandlerMapping:547 - Mapped "{[/test/jeecgDemo/redisDemo/{id}],methods=[GET]}" onto public org.jeecg.modules.demo.test.entity.JeecgDemo org.jeecg.modules.demo.test.controller.JeecgDemoController.redisGetJeecgDemo(java.lang.String)
2019-04-13 11:36:43.999 [restartedMain] INFO  o.s.w.s.m.m.a.RequestMappingHandlerMapping:547 - Mapped "{[/test/jeecgDemo/queryById],methods=[GET]}" onto public org.jeecg.common.api.vo.Result<org.jeecg.modules.demo.test.entity.JeecgDemo> org.jeecg.modules.demo.test.controller.JeecgDemoController.queryById(java.lang.String)
2019-04-13 11:36:43.999 [restartedMain] INFO  o.s.w.s.m.m.a.RequestMappingHandlerMapping:547 - Mapped "{[/test/jeecgDemo/redisGet],methods=[GET]}" onto public java.lang.String org.jeecg.modules.demo.test.controller.JeecgDemoController.redisGet()
2019-04-13 11:36:44.000 [restartedMain] INFO  o.s.w.s.m.m.a.RequestMappingHandlerMapping:547 - Mapped "{[/test/jeecgDemo/edit],methods=[PUT]}" onto public org.jeecg.common.api.vo.Result<org.jeecg.modules.demo.test.entity.JeecgDemo> org.jeecg.modules.demo.test.controller.JeecgDemoController.eidt(org.jeecg.modules.demo.test.entity.JeecgDemo)
2019-04-13 11:36:44.008 [restartedMain] INFO  o.s.w.s.m.m.a.RequestMappingHandlerMapping:547 - Mapped "{[/test/jeecgDemo/deleteBatch],methods=[DELETE]}" onto public org.jeecg.common.api.vo.Result<org.jeecg.modules.demo.test.entity.JeecgDemo> org.jeecg.modules.demo.test.controller.JeecgDemoController.deleteBatch(java.lang.String)
2019-04-13 11:36:44.008 [restartedMain] INFO  o.s.w.s.m.m.a.RequestMappingHandlerMapping:547 - Mapped "{[/test/jeecgDemo/demo3]}" onto public org.springframework.web.servlet.ModelAndView org.jeecg.modules.demo.test.controller.JeecgDemoController.demo3(org.springframework.web.servlet.ModelAndView)
2019-04-13 11:36:44.008 [restartedMain] INFO  o.s.w.s.m.m.a.RequestMappingHandlerMapping:547 - Mapped "{[/test/jeecgDemo/redisSet],methods=[GET]}" onto public void org.jeecg.modules.demo.test.controller.JeecgDemoController.redisSet()
2019-04-13 11:36:44.009 [restartedMain] INFO  o.s.w.s.m.m.a.RequestMappingHandlerMapping:547 - Mapped "{[/test/jeecgDemo/redisSetObj],methods=[GET]}" onto public void org.jeecg.modules.demo.test.controller.JeecgDemoController.redisSetObj()
2019-04-13 11:36:44.010 [restartedMain] INFO  o.s.w.s.m.m.a.RequestMappingHandlerMapping:547 - Mapped "{[/test/jeecgDemo/hello],methods=[GET]}" onto public org.jeecg.common.api.vo.Result<java.lang.String> org.jeecg.modules.demo.test.controller.JeecgDemoController.hello()
2019-04-13 11:36:44.010 [restartedMain] INFO  o.s.w.s.m.m.a.RequestMappingHandlerMapping:547 - Mapped "{[/test/jeecgDemo/redisGetObj],methods=[GET]}" onto public java.lang.Object org.jeecg.modules.demo.test.controller.JeecgDemoController.redisGetObj()
2019-04-13 11:36:44.014 [restartedMain] INFO  o.s.w.s.m.m.a.RequestMappingHandlerMapping:547 - Mapped "{[/test/order/add],methods=[POST]}" onto public org.jeecg.common.api.vo.Result<org.jeecg.modules.demo.test.entity.JeecgOrderMain> org.jeecg.modules.demo.test.controller.JeecgOrderDMainController.add(org.jeecg.modules.demo.test.vo.JeecgOrderMainPage)
2019-04-13 11:36:44.015 [restartedMain] INFO  o.s.w.s.m.m.a.RequestMappingHandlerMapping:547 - Mapped "{[/test/order/delete],methods=[DELETE]}" onto public org.jeecg.common.api.vo.Result<org.jeecg.modules.demo.test.entity.JeecgOrderMain> org.jeecg.modules.demo.test.controller.JeecgOrderDMainController.delete(java.lang.String)
2019-04-13 11:36:44.015 [restartedMain] INFO  o.s.w.s.m.m.a.RequestMappingHandlerMapping:547 - Mapped "{[/test/order/queryOrderTicketListByMainId],methods=[GET]}" onto public org.jeecg.common.api.vo.Result<java.util.List<org.jeecg.modules.demo.test.entity.JeecgOrderTicket>> org.jeecg.modules.demo.test.controller.JeecgOrderDMainController.queryOrderTicketListByMainId(java.lang.String)
2019-04-13 11:36:44.015 [restartedMain] INFO  o.s.w.s.m.m.a.RequestMappingHandlerMapping:547 - Mapped "{[/test/order/queryOrderCustomerListByMainId],methods=[GET]}" onto public org.jeecg.common.api.vo.Result<java.util.List<org.jeecg.modules.demo.test.entity.JeecgOrderCustomer>> org.jeecg.modules.demo.test.controller.JeecgOrderDMainController.queryOrderCustomerListByMainId(java.lang.String)
2019-04-13 11:36:44.016 [restartedMain] INFO  o.s.w.s.m.m.a.RequestMappingHandlerMapping:547 - Mapped "{[/test/order/deleteBatchCustomer],methods=[DELETE]}" onto public org.jeecg.common.api.vo.Result<org.jeecg.modules.demo.test.entity.JeecgOrderCustomer> org.jeecg.modules.demo.test.controller.JeecgOrderDMainController.deleteBatchCustomer(java.lang.String)
2019-04-13 11:36:44.017 [restartedMain] INFO  o.s.w.s.m.m.a.RequestMappingHandlerMapping:547 - Mapped "{[/test/order/orderList],methods=[GET]}" onto public org.jeecg.common.api.vo.Result<com.baomidou.mybatisplus.core.metadata.IPage<org.jeecg.modules.demo.test.entity.JeecgOrderMain>> org.jeecg.modules.demo.test.controller.JeecgOrderDMainController.respondePagedData(org.jeecg.modules.demo.test.entity.JeecgOrderMain,java.lang.Integer,java.lang.Integer,javax.servlet.http.HttpServletRequest)
2019-04-13 11:36:44.017 [restartedMain] INFO  o.s.w.s.m.m.a.RequestMappingHandlerMapping:547 - Mapped "{[/test/order/deleteBatchTicket],methods=[DELETE]}" onto public org.jeecg.common.api.vo.Result<org.jeecg.modules.demo.test.entity.JeecgOrderTicket> org.jeecg.modules.demo.test.controller.JeecgOrderDMainController.deleteBatchTicket(java.lang.String)
2019-04-13 11:36:44.018 [restartedMain] INFO  o.s.w.s.m.m.a.RequestMappingHandlerMapping:547 - Mapped "{[/test/order/queryById],methods=[GET]}" onto public org.jeecg.common.api.vo.Result<org.jeecg.modules.demo.test.entity.JeecgOrderMain> org.jeecg.modules.demo.test.controller.JeecgOrderDMainController.queryById(java.lang.String)
2019-04-13 11:36:44.018 [restartedMain] INFO  o.s.w.s.m.m.a.RequestMappingHandlerMapping:547 - Mapped "{[/test/order/deleteBatch],methods=[DELETE]}" onto public org.jeecg.common.api.vo.Result<org.jeecg.modules.demo.test.entity.JeecgOrderMain> org.jeecg.modules.demo.test.controller.JeecgOrderDMainController.deleteBatch(java.lang.String)
2019-04-13 11:36:44.019 [restartedMain] INFO  o.s.w.s.m.m.a.RequestMappingHandlerMapping:547 - Mapped "{[/test/order/addTicket],methods=[POST]}" onto public org.jeecg.common.api.vo.Result<org.jeecg.modules.demo.test.entity.JeecgOrderTicket> org.jeecg.modules.demo.test.controller.JeecgOrderDMainController.addTicket(org.jeecg.modules.demo.test.entity.JeecgOrderTicket)
2019-04-13 11:36:44.020 [restartedMain] INFO  o.s.w.s.m.m.a.RequestMappingHandlerMapping:547 - Mapped "{[/test/order/edit],methods=[PUT]}" onto public org.jeecg.common.api.vo.Result<org.jeecg.modules.demo.test.entity.JeecgOrderMain> org.jeecg.modules.demo.test.controller.JeecgOrderDMainController.edit(org.jeecg.modules.demo.test.vo.JeecgOrderMainPage)
2019-04-13 11:36:44.021 [restartedMain] INFO  o.s.w.s.m.m.a.RequestMappingHandlerMapping:547 - Mapped "{[/test/order/deleteCustomer],methods=[DELETE]}" onto public org.jeecg.common.api.vo.Result<org.jeecg.modules.demo.test.entity.JeecgOrderCustomer> org.jeecg.modules.demo.test.controller.JeecgOrderDMainController.deleteCustomer(java.lang.String)
2019-04-13 11:36:44.021 [restartedMain] INFO  o.s.w.s.m.m.a.RequestMappingHandlerMapping:547 - Mapped "{[/test/order/editTicket],methods=[PUT]}" onto public org.jeecg.common.api.vo.Result<org.jeecg.modules.demo.test.entity.JeecgOrderTicket> org.jeecg.modules.demo.test.controller.JeecgOrderDMainController.editTicket(org.jeecg.modules.demo.test.entity.JeecgOrderTicket)
2019-04-13 11:36:44.022 [restartedMain] INFO  o.s.w.s.m.m.a.RequestMappingHandlerMapping:547 - Mapped "{[/test/order/editCustomer],methods=[PUT]}" onto public org.jeecg.common.api.vo.Result<org.jeecg.modules.demo.test.entity.JeecgOrderCustomer> org.jeecg.modules.demo.test.controller.JeecgOrderDMainController.editCustomer(org.jeecg.modules.demo.test.entity.JeecgOrderCustomer)
2019-04-13 11:36:44.022 [restartedMain] INFO  o.s.w.s.m.m.a.RequestMappingHandlerMapping:547 - Mapped "{[/test/order/deleteTicket],methods=[DELETE]}" onto public org.jeecg.common.api.vo.Result<org.jeecg.modules.demo.test.entity.JeecgOrderTicket> org.jeecg.modules.demo.test.controller.JeecgOrderDMainController.deleteTicket(java.lang.String)
2019-04-13 11:36:44.023 [restartedMain] INFO  o.s.w.s.m.m.a.RequestMappingHandlerMapping:547 - Mapped "{[/test/order/addCustomer],methods=[POST]}" onto public org.jeecg.common.api.vo.Result<org.jeecg.modules.demo.test.entity.JeecgOrderCustomer> org.jeecg.modules.demo.test.controller.JeecgOrderDMainController.addCustomer(org.jeecg.modules.demo.test.entity.JeecgOrderCustomer)
2019-04-13 11:36:44.026 [restartedMain] INFO  o.s.w.s.m.m.a.RequestMappingHandlerMapping:547 - Mapped "{[/test/jeecgOrderMain/add],methods=[POST]}" onto public org.jeecg.common.api.vo.Result<org.jeecg.modules.demo.test.entity.JeecgOrderMain> org.jeecg.modules.demo.test.controller.JeecgOrderMainController.add(org.jeecg.modules.demo.test.vo.JeecgOrderMainPage)
2019-04-13 11:36:44.026 [restartedMain] INFO  o.s.w.s.m.m.a.RequestMappingHandlerMapping:547 - Mapped "{[/test/jeecgOrderMain/delete],methods=[DELETE]}" onto public org.jeecg.common.api.vo.Result<org.jeecg.modules.demo.test.entity.JeecgOrderMain> org.jeecg.modules.demo.test.controller.JeecgOrderMainController.delete(java.lang.String)
2019-04-13 11:36:44.027 [restartedMain] INFO  o.s.w.s.m.m.a.RequestMappingHandlerMapping:547 - Mapped "{[/test/jeecgOrderMain/queryOrderTicketListByMainId],methods=[GET]}" onto public org.jeecg.common.api.vo.Result<java.util.List<org.jeecg.modules.demo.test.entity.JeecgOrderTicket>> org.jeecg.modules.demo.test.controller.JeecgOrderMainController.queryOrderTicketListByMainId(java.lang.String)
2019-04-13 11:36:44.028 [restartedMain] INFO  o.s.w.s.m.m.a.RequestMappingHandlerMapping:547 - Mapped "{[/test/jeecgOrderMain/queryOrderCustomerListByMainId],methods=[GET]}" onto public org.jeecg.common.api.vo.Result<java.util.List<org.jeecg.modules.demo.test.entity.JeecgOrderCustomer>> org.jeecg.modules.demo.test.controller.JeecgOrderMainController.queryOrderCustomerListByMainId(java.lang.String)
2019-04-13 11:36:44.029 [restartedMain] INFO  o.s.w.s.m.m.a.RequestMappingHandlerMapping:547 - Mapped "{[/test/jeecgOrderMain/queryById],methods=[GET]}" onto public org.jeecg.common.api.vo.Result<org.jeecg.modules.demo.test.entity.JeecgOrderMain> org.jeecg.modules.demo.test.controller.JeecgOrderMainController.queryById(java.lang.String)
2019-04-13 11:36:44.030 [restartedMain] INFO  o.s.w.s.m.m.a.RequestMappingHandlerMapping:547 - Mapped "{[/test/jeecgOrderMain/edit],methods=[PUT]}" onto public org.jeecg.common.api.vo.Result<org.jeecg.modules.demo.test.entity.JeecgOrderMain> org.jeecg.modules.demo.test.controller.JeecgOrderMainController.eidt(org.jeecg.modules.demo.test.vo.JeecgOrderMainPage)
2019-04-13 11:36:44.031 [restartedMain] INFO  o.s.w.s.m.m.a.RequestMappingHandlerMapping:547 - Mapped "{[/test/jeecgOrderMain/deleteBatch],methods=[DELETE]}" onto public org.jeecg.common.api.vo.Result<org.jeecg.modules.demo.test.entity.JeecgOrderMain> org.jeecg.modules.demo.test.controller.JeecgOrderMainController.deleteBatch(java.lang.String)
2019-04-13 11:36:44.031 [restartedMain] INFO  o.s.w.s.m.m.a.RequestMappingHandlerMapping:547 - Mapped "{[/test/jeecgOrderMain/list],methods=[GET]}" onto public org.jeecg.common.api.vo.Result<com.baomidou.mybatisplus.core.metadata.IPage<org.jeecg.modules.demo.test.entity.JeecgOrderMain>> org.jeecg.modules.demo.test.controller.JeecgOrderMainController.queryPageList(org.jeecg.modules.demo.test.entity.JeecgOrderMain,java.lang.Integer,java.lang.Integer,javax.servlet.http.HttpServletRequest)
2019-04-13 11:36:44.033 [restartedMain] INFO  o.s.w.s.m.m.a.RequestMappingHandlerMapping:547 - Mapped "{[/sys/quartzJob/add],methods=[POST]}" onto public org.jeecg.common.api.vo.Result<?> org.jeecg.modules.quartz.controller.QuartzJobController.add(org.jeecg.modules.quartz.entity.QuartzJob)
2019-04-13 11:36:44.033 [restartedMain] INFO  o.s.w.s.m.m.a.RequestMappingHandlerMapping:547 - Mapped "{[/sys/quartzJob/delete],methods=[DELETE]}" onto public org.jeecg.common.api.vo.Result<org.jeecg.modules.quartz.entity.QuartzJob> org.jeecg.modules.quartz.controller.QuartzJobController.delete(java.lang.String)
2019-04-13 11:36:44.043 [restartedMain] INFO  o.s.w.s.m.m.a.RequestMappingHandlerMapping:547 - Mapped "{[/sys/quartzJob/resume],methods=[POST]}" onto public org.jeecg.common.api.vo.Result<java.lang.Object> org.jeecg.modules.quartz.controller.QuartzJobController.resumeJob(org.jeecg.modules.quartz.entity.QuartzJob)
2019-04-13 11:36:44.044 [restartedMain] INFO  o.s.w.s.m.m.a.RequestMappingHandlerMapping:547 - Mapped "{[/sys/quartzJob/pause],methods=[POST]}" onto public org.jeecg.common.api.vo.Result<java.lang.Object> org.jeecg.modules.quartz.controller.QuartzJobController.pauseJob(org.jeecg.modules.quartz.entity.QuartzJob)
2019-04-13 11:36:44.045 [restartedMain] INFO  o.s.w.s.m.m.a.RequestMappingHandlerMapping:547 - Mapped "{[/sys/quartzJob/queryById],methods=[GET]}" onto public org.jeecg.common.api.vo.Result<org.jeecg.modules.quartz.entity.QuartzJob> org.jeecg.modules.quartz.controller.QuartzJobController.queryById(java.lang.String)
2019-04-13 11:36:44.045 [restartedMain] INFO  o.s.w.s.m.m.a.RequestMappingHandlerMapping:547 - Mapped "{[/sys/quartzJob/edit],methods=[PUT]}" onto public org.jeecg.common.api.vo.Result<org.jeecg.modules.quartz.entity.QuartzJob> org.jeecg.modules.quartz.controller.QuartzJobController.eidt(org.jeecg.modules.quartz.entity.QuartzJob)
2019-04-13 11:36:44.046 [restartedMain] INFO  o.s.w.s.m.m.a.RequestMappingHandlerMapping:547 - Mapped "{[/sys/quartzJob/deleteBatch],methods=[DELETE]}" onto public org.jeecg.common.api.vo.Result<org.jeecg.modules.quartz.entity.QuartzJob> org.jeecg.modules.quartz.controller.QuartzJobController.deleteBatch(java.lang.String)
2019-04-13 11:36:44.046 [restartedMain] INFO  o.s.w.s.m.m.a.RequestMappingHandlerMapping:547 - Mapped "{[/sys/quartzJob/list],methods=[GET]}" onto public org.jeecg.common.api.vo.Result<com.baomidou.mybatisplus.core.metadata.IPage<org.jeecg.modules.quartz.entity.QuartzJob>> org.jeecg.modules.quartz.controller.QuartzJobController.queryPageList(org.jeecg.modules.quartz.entity.QuartzJob,java.lang.Integer,java.lang.Integer,javax.servlet.http.HttpServletRequest)
2019-04-13 11:36:44.048 [restartedMain] INFO  o.s.w.s.m.m.a.RequestMappingHandlerMapping:547 - Mapped "{[/article],methods=[GET]}" onto public org.jeecg.modules.shiro.vo.ResponseBean org.jeecg.modules.shiro.web.TestWebController.article()
2019-04-13 11:36:44.049 [restartedMain] INFO  o.s.w.s.m.m.a.RequestMappingHandlerMapping:547 - Mapped "{[/require_permission],methods=[GET]}" onto public org.jeecg.modules.shiro.vo.ResponseBean org.jeecg.modules.shiro.web.TestWebController.requirePermission()
2019-04-13 11:36:44.050 [restartedMain] INFO  o.s.w.s.m.m.a.RequestMappingHandlerMapping:547 - Mapped "{[/401]}" onto public org.jeecg.modules.shiro.vo.ResponseBean org.jeecg.modules.shiro.web.TestWebController.unauthorized()
2019-04-13 11:36:44.050 [restartedMain] INFO  o.s.w.s.m.m.a.RequestMappingHandlerMapping:547 - Mapped "{[/require_auth],methods=[GET]}" onto public org.jeecg.modules.shiro.vo.ResponseBean org.jeecg.modules.shiro.web.TestWebController.requireAuth()
2019-04-13 11:36:44.051 [restartedMain] INFO  o.s.w.s.m.m.a.RequestMappingHandlerMapping:547 - Mapped "{[/require_role],methods=[GET]}" onto public org.jeecg.modules.shiro.vo.ResponseBean org.jeecg.modules.shiro.web.TestWebController.requireRole()
2019-04-13 11:36:44.051 [restartedMain] INFO  o.s.w.s.m.m.a.RequestMappingHandlerMapping:547 - Mapped "{[/login],methods=[POST]}" onto public org.jeecg.modules.shiro.vo.ResponseBean org.jeecg.modules.shiro.web.TestWebController.login(java.lang.String,java.lang.String)
2019-04-13 11:36:44.053 [restartedMain] INFO  o.s.w.s.m.m.a.RequestMappingHandlerMapping:547 - Mapped "{[/sys/login],methods=[POST]}" onto public org.jeecg.common.api.vo.Result<com.alibaba.fastjson.JSONObject> org.jeecg.modules.system.controller.LoginController.login(org.jeecg.modules.system.model.SysLoginModel)
2019-04-13 11:36:44.053 [restartedMain] INFO  o.s.w.s.m.m.a.RequestMappingHandlerMapping:547 - Mapped "{[/sys/loginfo],methods=[GET]}" onto public org.jeecg.common.api.vo.Result<com.alibaba.fastjson.JSONObject> org.jeecg.modules.system.controller.LoginController.loginfo()
2019-04-13 11:36:44.057 [restartedMain] INFO  o.s.w.s.m.m.a.RequestMappingHandlerMapping:547 - Mapped "{[/sys/annountCement/add],methods=[POST]}" onto public org.jeecg.common.api.vo.Result<org.jeecg.modules.system.entity.SysAnnouncement> org.jeecg.modules.system.controller.SysAnnouncementController.add(org.jeecg.modules.system.entity.SysAnnouncement)
2019-04-13 11:36:44.057 [restartedMain] INFO  o.s.w.s.m.m.a.RequestMappingHandlerMapping:547 - Mapped "{[/sys/annountCement/delete],methods=[DELETE]}" onto public org.jeecg.common.api.vo.Result<org.jeecg.modules.system.entity.SysAnnouncement> org.jeecg.modules.system.controller.SysAnnouncementController.delete(java.lang.String)
2019-04-13 11:36:44.058 [restartedMain] INFO  o.s.w.s.m.m.a.RequestMappingHandlerMapping:547 - Mapped "{[/sys/annountCement/queryById],methods=[GET]}" onto public org.jeecg.common.api.vo.Result<org.jeecg.modules.system.entity.SysAnnouncement> org.jeecg.modules.system.controller.SysAnnouncementController.queryById(java.lang.String)
2019-04-13 11:36:44.059 [restartedMain] INFO  o.s.w.s.m.m.a.RequestMappingHandlerMapping:547 - Mapped "{[/sys/annountCement/edit],methods=[PUT]}" onto public org.jeecg.common.api.vo.Result<org.jeecg.modules.system.entity.SysAnnouncement> org.jeecg.modules.system.controller.SysAnnouncementController.eidt(org.jeecg.modules.system.entity.SysAnnouncement)
2019-04-13 11:36:44.059 [restartedMain] INFO  o.s.w.s.m.m.a.RequestMappingHandlerMapping:547 - Mapped "{[/sys/annountCement/deleteBatch],methods=[DELETE]}" onto public org.jeecg.common.api.vo.Result<org.jeecg.modules.system.entity.SysAnnouncement> org.jeecg.modules.system.controller.SysAnnouncementController.deleteBatch(java.lang.String)
2019-04-13 11:36:44.060 [restartedMain] INFO  o.s.w.s.m.m.a.RequestMappingHandlerMapping:547 - Mapped "{[/sys/annountCement/list],methods=[GET]}" onto public org.jeecg.common.api.vo.Result<com.baomidou.mybatisplus.core.metadata.IPage<org.jeecg.modules.system.entity.SysAnnouncement>> org.jeecg.modules.system.controller.SysAnnouncementController.queryPageList(org.jeecg.modules.system.entity.SysAnnouncement,java.lang.Integer,java.lang.Integer,javax.servlet.http.HttpServletRequest)
2019-04-13 11:36:44.061 [restartedMain] INFO  o.s.w.s.m.m.a.RequestMappingHandlerMapping:547 - Mapped "{[/sys/annountCement/doReleaseData],methods=[GET]}" onto public org.jeecg.common.api.vo.Result<org.jeecg.modules.system.entity.SysAnnouncement> org.jeecg.modules.system.controller.SysAnnouncementController.doReleaseData(java.lang.String,javax.servlet.http.HttpServletRequest)
2019-04-13 11:36:44.062 [restartedMain] INFO  o.s.w.s.m.m.a.RequestMappingHandlerMapping:547 - Mapped "{[/sys/annountCement/doReovkeData],methods=[GET]}" onto public org.jeecg.common.api.vo.Result<org.jeecg.modules.system.entity.SysAnnouncement> org.jeecg.modules.system.controller.SysAnnouncementController.doReovkeData(java.lang.String,javax.servlet.http.HttpServletRequest)
2019-04-13 11:36:44.064 [restartedMain] INFO  o.s.w.s.m.m.a.RequestMappingHandlerMapping:547 - Mapped "{[/sysdepart/sysDepart/add],methods=[POST]}" onto public org.jeecg.common.api.vo.Result<org.jeecg.modules.system.entity.SysDepart> org.jeecg.modules.system.controller.SysDepartController.add(org.jeecg.modules.system.entity.SysDepart,javax.servlet.http.HttpServletRequest)
2019-04-13 11:36:44.064 [restartedMain] INFO  o.s.w.s.m.m.a.RequestMappingHandlerMapping:547 - Mapped "{[/sysdepart/sysDepart/delete],methods=[DELETE]}" onto public org.jeecg.common.api.vo.Result<org.jeecg.modules.system.entity.SysDepart> org.jeecg.modules.system.controller.SysDepartController.delete(java.lang.String)
2019-04-13 11:36:44.065 [restartedMain] INFO  o.s.w.s.m.m.a.RequestMappingHandlerMapping:547 - Mapped "{[/sysdepart/sysDepart/edit],methods=[PUT]}" onto public org.jeecg.common.api.vo.Result<org.jeecg.modules.system.entity.SysDepart> org.jeecg.modules.system.controller.SysDepartController.eidt(org.jeecg.modules.system.entity.SysDepart,javax.servlet.http.HttpServletRequest)
2019-04-13 11:36:44.065 [restartedMain] INFO  o.s.w.s.m.m.a.RequestMappingHandlerMapping:547 - Mapped "{[/sysdepart/sysDepart/deleteBatch],methods=[DELETE]}" onto public org.jeecg.common.api.vo.Result<org.jeecg.modules.system.entity.SysDepart> org.jeecg.modules.system.controller.SysDepartController.deleteBatch(java.lang.String)
2019-04-13 11:36:44.066 [restartedMain] INFO  o.s.w.s.m.m.a.RequestMappingHandlerMapping:547 - Mapped "{[/sysdepart/sysDepart/queryTreeList],methods=[GET]}" onto public org.jeecg.common.api.vo.Result<java.util.List<org.jeecg.modules.system.model.SysDepartTreeModel>> org.jeecg.modules.system.controller.SysDepartController.queryTreeList()
2019-04-13 11:36:44.066 [restartedMain] INFO  o.s.w.s.m.m.a.RequestMappingHandlerMapping:547 - Mapped "{[/sysdepart/sysDepart/queryIdTree],methods=[GET]}" onto public org.jeecg.common.api.vo.Result<java.util.List<org.jeecg.modules.system.model.DepartIdModel>> org.jeecg.modules.system.controller.SysDepartController.queryIdTree()
2019-04-13 11:36:44.067 [restartedMain] INFO  o.s.w.s.m.m.a.RequestMappingHandlerMapping:547 - Mapped "{[/sysdepart/sysDepart/searchBy],methods=[GET]}" onto public org.jeecg.common.api.vo.Result<java.util.List<org.jeecg.modules.system.model.SysDepartTreeModel>> org.jeecg.modules.system.controller.SysDepartController.searchBy(java.lang.String)
2019-04-13 11:36:44.069 [restartedMain] INFO  o.s.w.s.m.m.a.RequestMappingHandlerMapping:547 - Mapped "{[/sys/dict/add],methods=[POST]}" onto public org.jeecg.common.api.vo.Result<org.jeecg.modules.system.entity.SysDict> org.jeecg.modules.system.controller.SysDictController.add(org.jeecg.modules.system.entity.SysDict)
2019-04-13 11:36:44.070 [restartedMain] INFO  o.s.w.s.m.m.a.RequestMappingHandlerMapping:547 - Mapped "{[/sys/dict/delete],methods=[DELETE]}" onto public org.jeecg.common.api.vo.Result<org.jeecg.modules.system.entity.SysDict> org.jeecg.modules.system.controller.SysDictController.delete(java.lang.String)
2019-04-13 11:36:44.071 [restartedMain] INFO  o.s.w.s.m.m.a.RequestMappingHandlerMapping:547 - Mapped "{[/sys/dict/deleteBatch],methods=[DELETE]}" onto public org.jeecg.common.api.vo.Result<org.jeecg.modules.system.entity.SysDict> org.jeecg.modules.system.controller.SysDictController.deleteBatch(java.lang.String)
2019-04-13 11:36:44.071 [restartedMain] INFO  o.s.w.s.m.m.a.RequestMappingHandlerMapping:547 - Mapped "{[/sys/dict/edit],methods=[PUT]}" onto public org.jeecg.common.api.vo.Result<org.jeecg.modules.system.entity.SysDict> org.jeecg.modules.system.controller.SysDictController.edit(org.jeecg.modules.system.entity.SysDict)
2019-04-13 11:36:44.072 [restartedMain] INFO  o.s.w.s.m.m.a.RequestMappingHandlerMapping:547 - Mapped "{[/sys/dict/list],methods=[GET]}" onto public org.jeecg.common.api.vo.Result<com.baomidou.mybatisplus.core.metadata.IPage<org.jeecg.modules.system.entity.SysDict>> org.jeecg.modules.system.controller.SysDictController.queryPageList(org.jeecg.modules.system.entity.SysDict,java.lang.Integer,java.lang.Integer,javax.servlet.http.HttpServletRequest)
2019-04-13 11:36:44.073 [restartedMain] INFO  o.s.w.s.m.m.a.RequestMappingHandlerMapping:547 - Mapped "{[/sys/dict/treeList],methods=[GET]}" onto public org.jeecg.common.api.vo.Result<java.util.List<org.jeecg.modules.system.model.SysDictTree>> org.jeecg.modules.system.controller.SysDictController.treeList(org.jeecg.modules.system.entity.SysDict,java.lang.Integer,java.lang.Integer,javax.servlet.http.HttpServletRequest)
2019-04-13 11:36:44.073 [restartedMain] INFO  o.s.w.s.m.m.a.RequestMappingHandlerMapping:547 - Mapped "{[/sys/dict/getDictText/{dictCode}/{key}],methods=[GET]}" onto public org.jeecg.common.api.vo.Result<java.lang.String> org.jeecg.modules.system.controller.SysDictController.getDictItems(java.lang.String,java.lang.String)
2019-04-13 11:36:44.074 [restartedMain] INFO  o.s.w.s.m.m.a.RequestMappingHandlerMapping:547 - Mapped "{[/sys/dict/getDictItems/{dictCode}],methods=[GET]}" onto public org.jeecg.common.api.vo.Result<java.util.List<java.util.Map<java.lang.String, java.lang.String>>> org.jeecg.modules.system.controller.SysDictController.getDictItems(java.lang.String)
2019-04-13 11:36:44.075 [restartedMain] INFO  o.s.w.s.m.m.a.RequestMappingHandlerMapping:547 - Mapped "{[/sys/dictItem/add],methods=[POST]}" onto public org.jeecg.common.api.vo.Result<org.jeecg.modules.system.entity.SysDictItem> org.jeecg.modules.system.controller.SysDictItemController.add(org.jeecg.modules.system.entity.SysDictItem)
2019-04-13 11:36:44.076 [restartedMain] INFO  o.s.w.s.m.m.a.RequestMappingHandlerMapping:547 - Mapped "{[/sys/dictItem/delete],methods=[DELETE]}" onto public org.jeecg.common.api.vo.Result<org.jeecg.modules.system.entity.SysDictItem> org.jeecg.modules.system.controller.SysDictItemController.delete(java.lang.String)
2019-04-13 11:36:44.077 [restartedMain] INFO  o.s.w.s.m.m.a.RequestMappingHandlerMapping:547 - Mapped "{[/sys/dictItem/deleteBatch],methods=[DELETE]}" onto public org.jeecg.common.api.vo.Result<org.jeecg.modules.system.entity.SysDictItem> org.jeecg.modules.system.controller.SysDictItemController.deleteBatch(java.lang.String)
2019-04-13 11:36:44.077 [restartedMain] INFO  o.s.w.s.m.m.a.RequestMappingHandlerMapping:547 - Mapped "{[/sys/dictItem/edit],methods=[PUT]}" onto public org.jeecg.common.api.vo.Result<org.jeecg.modules.system.entity.SysDictItem> org.jeecg.modules.system.controller.SysDictItemController.edit(org.jeecg.modules.system.entity.SysDictItem)
2019-04-13 11:36:44.078 [restartedMain] INFO  o.s.w.s.m.m.a.RequestMappingHandlerMapping:547 - Mapped "{[/sys/dictItem/list],methods=[GET]}" onto public org.jeecg.common.api.vo.Result<com.baomidou.mybatisplus.core.metadata.IPage<org.jeecg.modules.system.entity.SysDictItem>> org.jeecg.modules.system.controller.SysDictItemController.queryPageList(org.jeecg.modules.system.entity.SysDictItem,java.lang.Integer,java.lang.Integer,javax.servlet.http.HttpServletRequest)
2019-04-13 11:36:44.079 [restartedMain] INFO  o.s.w.s.m.m.a.RequestMappingHandlerMapping:547 - Mapped "{[/sys/log/delete],methods=[DELETE]}" onto public org.jeecg.common.api.vo.Result<org.jeecg.modules.system.entity.SysLog> org.jeecg.modules.system.controller.SysLogController.delete(java.lang.String)
2019-04-13 11:36:44.080 [restartedMain] INFO  o.s.w.s.m.m.a.RequestMappingHandlerMapping:547 - Mapped "{[/sys/log/deleteBatch],methods=[DELETE]}" onto public org.jeecg.common.api.vo.Result<org.jeecg.modules.system.entity.SysRole> org.jeecg.modules.system.controller.SysLogController.deleteBatch(java.lang.String)
2019-04-13 11:36:44.080 [restartedMain] INFO  o.s.w.s.m.m.a.RequestMappingHandlerMapping:547 - Mapped "{[/sys/log/list],methods=[GET]}" onto public org.jeecg.common.api.vo.Result<com.baomidou.mybatisplus.core.metadata.IPage<org.jeecg.modules.system.entity.SysLog>> org.jeecg.modules.system.controller.SysLogController.queryPageList(org.jeecg.modules.system.entity.SysLog,java.lang.Integer,java.lang.Integer,javax.servlet.http.HttpServletRequest)
2019-04-13 11:36:44.082 [restartedMain] INFO  o.s.w.s.m.m.a.RequestMappingHandlerMapping:547 - Mapped "{[/sys/permission/add],methods=[POST]}" onto public org.jeecg.common.api.vo.Result<org.jeecg.modules.system.entity.SysPermission> org.jeecg.modules.system.controller.SysPermissionController.add(org.jeecg.modules.system.entity.SysPermission)
2019-04-13 11:36:44.083 [restartedMain] INFO  o.s.w.s.m.m.a.RequestMappingHandlerMapping:547 - Mapped "{[/sys/permission/delete],methods=[DELETE]}" onto public org.jeecg.common.api.vo.Result<org.jeecg.modules.system.entity.SysPermission> org.jeecg.modules.system.controller.SysPermissionController.delete(java.lang.String)
2019-04-13 11:36:44.084 [restartedMain] INFO  o.s.w.s.m.m.a.RequestMappingHandlerMapping:547 - Mapped "{[/sys/permission/list],methods=[GET]}" onto public org.jeecg.common.api.vo.Result<java.util.List<org.jeecg.modules.system.model.SysPermissionTree>> org.jeecg.modules.system.controller.SysPermissionController.list()
2019-04-13 11:36:44.084 [restartedMain] INFO  o.s.w.s.m.m.a.RequestMappingHandlerMapping:547 - Mapped "{[/sys/permission/edit],methods=[PUT || POST]}" onto public org.jeecg.common.api.vo.Result<org.jeecg.modules.system.entity.SysPermission> org.jeecg.modules.system.controller.SysPermissionController.eidt(org.jeecg.modules.system.entity.SysPermission)
2019-04-13 11:36:44.085 [restartedMain] INFO  o.s.w.s.m.m.a.RequestMappingHandlerMapping:547 - Mapped "{[/sys/permission/deleteBatch],methods=[DELETE]}" onto public org.jeecg.common.api.vo.Result<org.jeecg.modules.system.entity.SysPermission> org.jeecg.modules.system.controller.SysPermissionController.deleteBatch(java.lang.String)
2019-04-13 11:36:44.085 [restartedMain] INFO  o.s.w.s.m.m.a.RequestMappingHandlerMapping:547 - Mapped "{[/sys/permission/queryByUser],methods=[GET]}" onto public org.jeecg.common.api.vo.Result<com.alibaba.fastjson.JSONArray> org.jeecg.modules.system.controller.SysPermissionController.queryByUser(javax.servlet.http.HttpServletRequest)
2019-04-13 11:36:44.086 [restartedMain] INFO  o.s.w.s.m.m.a.RequestMappingHandlerMapping:547 - Mapped "{[/sys/permission/queryListAsync],methods=[GET]}" onto public org.jeecg.common.api.vo.Result<java.util.List<org.jeecg.modules.system.model.TreeModel>> org.jeecg.modules.system.controller.SysPermissionController.queryAsync(java.lang.String)
2019-04-13 11:36:44.087 [restartedMain] INFO  o.s.w.s.m.m.a.RequestMappingHandlerMapping:547 - Mapped "{[/sys/permission/queryTreeList],methods=[GET]}" onto public org.jeecg.common.api.vo.Result<java.util.Map<java.lang.String, java.lang.Object>> org.jeecg.modules.system.controller.SysPermissionController.queryTreeList()
2019-04-13 11:36:44.088 [restartedMain] INFO  o.s.w.s.m.m.a.RequestMappingHandlerMapping:547 - Mapped "{[/sys/permission/queryRolePermission],methods=[GET]}" onto public org.jeecg.common.api.vo.Result<java.util.List<java.lang.String>> org.jeecg.modules.system.controller.SysPermissionController.queryRolePermission(java.lang.String)
2019-04-13 11:36:44.088 [restartedMain] INFO  o.s.w.s.m.m.a.RequestMappingHandlerMapping:547 - Mapped "{[/sys/permission/saveRolePermission],methods=[POST]}" onto public org.jeecg.common.api.vo.Result<java.lang.String> org.jeecg.modules.system.controller.SysPermissionController.saveRolePermission(com.alibaba.fastjson.JSONObject)
2019-04-13 11:36:44.091 [restartedMain] INFO  o.s.w.s.m.m.a.RequestMappingHandlerMapping:547 - Mapped "{[/sys/role/add],methods=[POST]}" onto public org.jeecg.common.api.vo.Result<org.jeecg.modules.system.entity.SysRole> org.jeecg.modules.system.controller.SysRoleController.add(org.jeecg.modules.system.entity.SysRole)
2019-04-13 11:36:44.092 [restartedMain] INFO  o.s.w.s.m.m.a.RequestMappingHandlerMapping:547 - Mapped "{[/sys/role/delete],methods=[DELETE]}" onto public org.jeecg.common.api.vo.Result<org.jeecg.modules.system.entity.SysRole> org.jeecg.modules.system.controller.SysRoleController.delete(java.lang.String)
2019-04-13 11:36:44.092 [restartedMain] INFO  o.s.w.s.m.m.a.RequestMappingHandlerMapping:547 - Mapped "{[/sys/role/queryById],methods=[GET]}" onto public org.jeecg.common.api.vo.Result<org.jeecg.modules.system.entity.SysRole> org.jeecg.modules.system.controller.SysRoleController.queryById(java.lang.String)
2019-04-13 11:36:44.093 [restartedMain] INFO  o.s.w.s.m.m.a.RequestMappingHandlerMapping:547 - Mapped "{[/sys/role/edit],methods=[PUT]}" onto public org.jeecg.common.api.vo.Result<org.jeecg.modules.system.entity.SysRole> org.jeecg.modules.system.controller.SysRoleController.eidt(org.jeecg.modules.system.entity.SysRole)
2019-04-13 11:36:44.093 [restartedMain] INFO  o.s.w.s.m.m.a.RequestMappingHandlerMapping:547 - Mapped "{[/sys/role/deleteBatch],methods=[DELETE]}" onto public org.jeecg.common.api.vo.Result<org.jeecg.modules.system.entity.SysRole> org.jeecg.modules.system.controller.SysRoleController.deleteBatch(java.lang.String)
2019-04-13 11:36:44.094 [restartedMain] INFO  o.s.w.s.m.m.a.RequestMappingHandlerMapping:547 - Mapped "{[/sys/role/list],methods=[GET]}" onto public org.jeecg.common.api.vo.Result<com.baomidou.mybatisplus.core.metadata.IPage<org.jeecg.modules.system.entity.SysRole>> org.jeecg.modules.system.controller.SysRoleController.queryPageList(org.jeecg.modules.system.entity.SysRole,java.lang.Integer,java.lang.Integer,javax.servlet.http.HttpServletRequest)
2019-04-13 11:36:44.095 [restartedMain] INFO  o.s.w.s.m.m.a.RequestMappingHandlerMapping:547 - Mapped "{[/sys/role/checkRoleCode],methods=[GET]}" onto public org.jeecg.common.api.vo.Result<java.lang.Boolean> org.jeecg.modules.system.controller.SysRoleController.checkUsername(java.lang.String,java.lang.String)
2019-04-13 11:36:44.095 [restartedMain] INFO  o.s.w.s.m.m.a.RequestMappingHandlerMapping:547 - Mapped "{[/sys/role/queryall],methods=[GET]}" onto public org.jeecg.common.api.vo.Result<java.util.List<org.jeecg.modules.system.entity.SysRole>> org.jeecg.modules.system.controller.SysRoleController.queryall()
2019-04-13 11:36:44.097 [restartedMain] INFO  o.s.w.s.m.m.a.RequestMappingHandlerMapping:547 - Mapped "{[/sys/user/add],methods=[POST]}" onto public org.jeecg.common.api.vo.Result<org.jeecg.modules.system.entity.SysUser> org.jeecg.modules.system.controller.SysUserController.add(com.alibaba.fastjson.JSONObject)
2019-04-13 11:36:44.106 [restartedMain] INFO  o.s.w.s.m.m.a.RequestMappingHandlerMapping:547 - Mapped "{[/sys/user/delete],methods=[DELETE]}" onto public org.jeecg.common.api.vo.Result<org.jeecg.modules.system.entity.SysUser> org.jeecg.modules.system.controller.SysUserController.delete(java.lang.String)
2019-04-13 11:36:44.107 [restartedMain] INFO  o.s.w.s.m.m.a.RequestMappingHandlerMapping:547 - Mapped "{[/sys/user/queryById],methods=[GET]}" onto public org.jeecg.common.api.vo.Result<org.jeecg.modules.system.entity.SysUser> org.jeecg.modules.system.controller.SysUserController.queryById(java.lang.String)
2019-04-13 11:36:44.107 [restartedMain] INFO  o.s.w.s.m.m.a.RequestMappingHandlerMapping:547 - Mapped "{[/sys/user/edit],methods=[PUT]}" onto public org.jeecg.common.api.vo.Result<org.jeecg.modules.system.entity.SysUser> org.jeecg.modules.system.controller.SysUserController.eidt(com.alibaba.fastjson.JSONObject)
2019-04-13 11:36:44.108 [restartedMain] INFO  o.s.w.s.m.m.a.RequestMappingHandlerMapping:547 - Mapped "{[/sys/user/deleteBatch],methods=[DELETE]}" onto public org.jeecg.common.api.vo.Result<org.jeecg.modules.system.entity.SysUser> org.jeecg.modules.system.controller.SysUserController.deleteBatch(java.lang.String)
2019-04-13 11:36:44.108 [restartedMain] INFO  o.s.w.s.m.m.a.RequestMappingHandlerMapping:547 - Mapped "{[/sys/user/list],methods=[GET]}" onto public org.jeecg.common.api.vo.Result<com.baomidou.mybatisplus.core.metadata.IPage<org.jeecg.modules.system.entity.SysUser>> org.jeecg.modules.system.controller.SysUserController.queryPageList(org.jeecg.modules.system.entity.SysUser,java.lang.Integer,java.lang.Integer,javax.servlet.http.HttpServletRequest)
2019-04-13 11:36:44.109 [restartedMain] INFO  o.s.w.s.m.m.a.RequestMappingHandlerMapping:547 - Mapped "{[/sys/user/checkOnlyUser],methods=[GET]}" onto public org.jeecg.common.api.vo.Result<java.lang.Boolean> org.jeecg.modules.system.controller.SysUserController.checkUsername(org.jeecg.modules.system.entity.SysUser)
2019-04-13 11:36:44.109 [restartedMain] INFO  o.s.w.s.m.m.a.RequestMappingHandlerMapping:547 - Mapped "{[/sys/user/changPassword],methods=[PUT]}" onto public org.jeecg.common.api.vo.Result<org.jeecg.modules.system.entity.SysUser> org.jeecg.modules.system.controller.SysUserController.changPassword(org.jeecg.modules.system.entity.SysUser)
2019-04-13 11:36:44.110 [restartedMain] INFO  o.s.w.s.m.m.a.RequestMappingHandlerMapping:547 - Mapped "{[/sys/user/frozenBatch],methods=[POST || GET]}" onto public org.jeecg.common.api.vo.Result<org.jeecg.modules.system.entity.SysUser> org.jeecg.modules.system.controller.SysUserController.frozenBatch(java.lang.String,java.lang.String)
2019-04-13 11:36:44.110 [restartedMain] INFO  o.s.w.s.m.m.a.RequestMappingHandlerMapping:547 - Mapped "{[/sys/user/queryUserRole],methods=[GET]}" onto public org.jeecg.common.api.vo.Result<java.util.List<java.lang.String>> org.jeecg.modules.system.controller.SysUserController.queryUserRole(java.lang.String)
2019-04-13 11:36:44.126 [restartedMain] INFO  o.s.w.s.m.m.a.RequestMappingHandlerMapping:547 - Mapped "{[/swagger-resources/configuration/security]}" onto public org.springframework.http.ResponseEntity<springfox.documentation.swagger.web.SecurityConfiguration> springfox.documentation.swagger.web.ApiResourceController.securityConfiguration()
2019-04-13 11:36:44.128 [restartedMain] INFO  o.s.w.s.m.m.a.RequestMappingHandlerMapping:547 - Mapped "{[/swagger-resources/configuration/ui]}" onto public org.springframework.http.ResponseEntity<springfox.documentation.swagger.web.UiConfiguration> springfox.documentation.swagger.web.ApiResourceController.uiConfiguration()
2019-04-13 11:36:44.129 [restartedMain] INFO  o.s.w.s.m.m.a.RequestMappingHandlerMapping:547 - Mapped "{[/swagger-resources]}" onto public org.springframework.http.ResponseEntity<java.util.List<springfox.documentation.swagger.web.SwaggerResource>> springfox.documentation.swagger.web.ApiResourceController.swaggerResources()
2019-04-13 11:36:44.131 [restartedMain] INFO  o.s.w.s.m.m.a.RequestMappingHandlerMapping:547 - Mapped "{[/error]}" onto public org.springframework.http.ResponseEntity<java.util.Map<java.lang.String, java.lang.Object>> org.springframework.boot.autoconfigure.web.servlet.error.BasicErrorController.error(javax.servlet.http.HttpServletRequest)
2019-04-13 11:36:44.132 [restartedMain] INFO  o.s.w.s.m.m.a.RequestMappingHandlerMapping:547 - Mapped "{[/error],produces=[text/html]}" onto public org.springframework.web.servlet.ModelAndView org.springframework.boot.autoconfigure.web.servlet.error.BasicErrorController.errorHtml(javax.servlet.http.HttpServletRequest,javax.servlet.http.HttpServletResponse)
2019-04-13 11:36:44.305 [restartedMain] INFO  s.d.s.w.PropertySourcedRequestMappingHandlerMapping:69 - Mapped URL path [/v2/api-docs] onto method [public org.springframework.http.ResponseEntity<springfox.documentation.spring.web.json.Json> springfox.documentation.swagger2.web.Swagger2Controller.getDocumentation(java.lang.String,javax.servlet.http.HttpServletRequest)]
2019-04-13 11:36:44.404 [restartedMain] INFO  o.s.web.servlet.handler.SimpleUrlHandlerMapping:373 - Mapped URL path [/**/favicon.ico] onto handler of type [class org.springframework.web.servlet.resource.ResourceHttpRequestHandler]
2019-04-13 11:36:44.591 [restartedMain] INFO  o.s.w.s.m.m.a.RequestMappingHandlerAdapter:574 - Looking for @ControllerAdvice: org.springframework.boot.web.servlet.context.AnnotationConfigServletWebServerApplicationContext@35d0a1e8: startup date [Sat Apr 13 11:36:35 CST 2019]; root of context hierarchy
2019-04-13 11:36:44.646 [restartedMain] INFO  o.s.web.servlet.handler.SimpleUrlHandlerMapping:373 - Mapped URL path [/webjars/**] onto handler of type [class org.springframework.web.servlet.resource.ResourceHttpRequestHandler]
2019-04-13 11:36:44.646 [restartedMain] INFO  o.s.web.servlet.handler.SimpleUrlHandlerMapping:373 - Mapped URL path [/**] onto handler of type [class org.springframework.web.servlet.resource.ResourceHttpRequestHandler]
2019-04-13 11:36:44.646 [restartedMain] INFO  o.s.web.servlet.handler.SimpleUrlHandlerMapping:373 - Mapped URL path [/swagger-ui.html] onto handler of type [class org.springframework.web.servlet.resource.ResourceHttpRequestHandler]
2019-04-13 11:36:44.665 [restartedMain] INFO  o.s.w.s.m.m.a.ExceptionHandlerExceptionResolver:288 - Detected @ExceptionHandler methods in jeecgBootExceptionHandler
2019-04-13 11:36:45.209 [restartedMain] INFO  o.s.w.servlet.view.freemarker.FreeMarkerConfigurer:131 - ClassTemplateLoader for Spring macros added to FreeMarker configuration
2019-04-13 11:36:45.528 [restartedMain] INFO  o.s.b.d.autoconfigure.OptionalLiveReloadServer:57 - LiveReload server is running on port 35729
2019-04-13 11:36:45.574 [restartedMain] INFO  o.s.jmx.export.annotation.AnnotationMBeanExporter:433 - Registering beans for JMX exposure on startup
2019-04-13 11:36:45.576 [restartedMain] INFO  o.s.jmx.export.annotation.AnnotationMBeanExporter:895 - Bean with name 'statFilter' has been autodetected for JMX exposure
2019-04-13 11:36:45.582 [restartedMain] INFO  o.s.jmx.export.annotation.AnnotationMBeanExporter:668 - Located MBean 'statFilter': registering with JMX server as MBean [com.alibaba.druid.filter.stat:name=statFilter,type=StatFilter]
2019-04-13 11:36:45.586 [restartedMain] INFO  o.s.context.support.DefaultLifecycleProcessor:351 - Starting beans in phase 2147483647
2019-04-13 11:36:45.587 [restartedMain] INFO  s.d.s.web.plugins.DocumentationPluginsBootstrapper:160 - Context refreshed
2019-04-13 11:36:45.606 [restartedMain] INFO  s.d.s.web.plugins.DocumentationPluginsBootstrapper:163 - Found 1 custom documentation plugin(s)
2019-04-13 11:36:45.634 [restartedMain] INFO  s.d.spring.web.scanners.ApiListingReferenceScanner:41 - Scanning for api listing references
2019-04-13 11:36:45.795 [restartedMain] INFO  s.d.s.w.r.operation.CachingOperationNameGenerator:40 - Generating unique operation named: loginUsingPOST_1
2019-04-13 11:36:46.088 [restartedMain] INFO  o.s.scheduling.quartz.SchedulerFactoryBean:700 - Starting Quartz Scheduler now
2019-04-13 11:36:46.255 [restartedMain] INFO  o.s.scheduling.quartz.LocalDataSourceJobStore:866 - Freed 0 triggers from 'acquired' / 'blocked' state.
2019-04-13 11:36:46.268 [restartedMain] INFO  o.s.scheduling.quartz.LocalDataSourceJobStore:876 - Recovering 0 jobs that were in-progress at the time of the last shut-down.
2019-04-13 11:36:46.268 [restartedMain] INFO  o.s.scheduling.quartz.LocalDataSourceJobStore:889 - Recovery complete.
2019-04-13 11:36:46.269 [restartedMain] INFO  o.s.scheduling.quartz.LocalDataSourceJobStore:896 - Removed 0 'complete' triggers.
2019-04-13 11:36:46.271 [restartedMain] INFO  o.s.scheduling.quartz.LocalDataSourceJobStore:901 - Removed 0 stale fired job entries.
2019-04-13 11:36:46.272 [restartedMain] INFO  org.quartz.core.QuartzScheduler:547 - Scheduler quartzScheduler_$_NON_CLUSTERED started.
2019-04-13 11:36:46.284 [restartedMain] INFO  org.apache.coyote.http11.Http11NioProtocol:180 - Starting ProtocolHandler ["http-nio-8080"]
2019-04-13 11:36:46.295 [restartedMain] INFO  org.apache.tomcat.util.net.NioSelectorPool:180 - Using a shared selector for servlet write/read
2019-04-13 11:36:46.309 [restartedMain] INFO  o.s.boot.web.embedded.tomcat.TomcatWebServer:206 - Tomcat started on port(s): 8080 (http) with context path '/jeecg-boot'
2019-04-13 11:36:46.314 [restartedMain] INFO  org.jeecg.JeecgApplication:59 - Started JeecgApplication in 11.283 seconds (JVM running for 15.575)
2019-04-13 11:50:26.236 [http-nio-8080-exec-1] INFO  o.a.c.c.C.[Tomcat].[localhost].[/jeecg-boot]:180 - Initializing Spring FrameworkServlet 'dispatcherServlet'
2019-04-13 11:50:26.246 [http-nio-8080-exec-1] INFO  org.springframework.web.servlet.DispatcherServlet:494 - FrameworkServlet 'dispatcherServlet': initialization started
2019-04-13 11:50:26.269 [http-nio-8080-exec-1] INFO  org.springframework.web.servlet.DispatcherServlet:509 - FrameworkServlet 'dispatcherServlet': initialization completed in 23 ms
2019-04-13 15:26:03.632 [http-nio-8080-exec-2] INFO  io.lettuce.core.EpollProvider:101 - Starting without optional epoll library
2019-04-13 15:26:03.642 [http-nio-8080-exec-2] INFO  io.lettuce.core.KqueueProvider:101 - Starting without optional kqueue library
2019-04-13 15:26:04.162 [http-nio-8080-exec-2] INFO  org.jeecg.config.mybatis.MybatisInterceptor:41 - ------sqlCommandType------INSERT
2019-04-13 15:26:50.431 [http-nio-8080-exec-6] INFO  org.jeecg.config.mybatis.MybatisInterceptor:41 - ------sqlCommandType------INSERT
2019-04-13 15:27:25.543 [http-nio-8080-exec-7] INFO  org.jeecg.config.mybatis.MybatisInterceptor:41 - ------sqlCommandType------INSERT
